{"/home/travis/build/npmtest/node-npmtest-wrench/test.js":{"path":"/home/travis/build/npmtest/node-npmtest-wrench/test.js","s":{"1":2,"2":2,"3":2,"4":2,"5":2,"6":2,"7":2,"8":1,"9":2,"10":2,"11":1,"12":1,"13":1,"14":1,"15":2,"16":2,"17":2,"18":2,"19":1,"20":1,"21":2,"22":2,"23":2,"24":1,"25":1,"26":1,"27":1,"28":1,"29":1,"30":1,"31":1,"32":1,"33":1,"34":1,"35":1,"36":1,"37":1,"38":1,"39":2,"40":2,"41":1,"42":2,"43":2,"44":1,"45":2,"46":2,"47":1,"48":2,"49":2,"50":1,"51":1,"52":1,"53":1,"54":1},"b":{"1":[2,1,1,1],"2":[1,1,1,1],"3":[1,1],"4":[1,1],"5":[1,1],"6":[1,1],"7":[1,1],"8":[1,1],"9":[1,1],"10":[1,1,1],"11":[1,1],"12":[1,1],"13":[1,1],"14":[1,1],"15":[1,1],"16":[1,1],"17":[1,1]},"f":{"1":2,"2":2,"3":2,"4":2,"5":2,"6":1,"7":1,"8":1,"9":2,"10":2,"11":2,"12":2,"13":1},"fnMap":{"1":{"name":"(anonymous_1)","line":12,"loc":{"start":{"line":12,"column":1},"end":{"line":12,"column":13}}},"2":{"name":"(anonymous_2)","line":19,"loc":{"start":{"line":19,"column":5},"end":{"line":19,"column":17}}},"3":{"name":"(anonymous_3)","line":23,"loc":{"start":{"line":23,"column":24},"end":{"line":23,"column":36}}},"4":{"name":"(anonymous_4)","line":61,"loc":{"start":{"line":61,"column":5},"end":{"line":61,"column":17}}},"5":{"name":"(anonymous_5)","line":82,"loc":{"start":{"line":82,"column":5},"end":{"line":82,"column":17}}},"6":{"name":"(anonymous_6)","line":91,"loc":{"start":{"line":91,"column":77},"end":{"line":94,"column":10}}},"7":{"name":"(anonymous_7)","line":112,"loc":{"start":{"line":112,"column":83},"end":{"line":115,"column":10}},"skip":true},"8":{"name":"(anonymous_8)","line":123,"loc":{"start":{"line":123,"column":77},"end":{"line":126,"column":10}},"skip":true},"9":{"name":"(anonymous_9)","line":139,"loc":{"start":{"line":139,"column":12},"end":{"line":139,"column":40}},"skip":true},"10":{"name":"(anonymous_10)","line":147,"loc":{"start":{"line":147,"column":77},"end":{"line":150,"column":10}},"skip":true},"11":{"name":"(anonymous_11)","line":158,"loc":{"start":{"line":158,"column":83},"end":{"line":161,"column":10}},"skip":true},"12":{"name":"(anonymous_12)","line":169,"loc":{"start":{"line":169,"column":79},"end":{"line":172,"column":10}},"skip":true},"13":{"name":"(anonymous_13)","line":180,"loc":{"start":{"line":180,"column":75},"end":{"line":183,"column":10}},"skip":true}},"statementMap":{"1":{"start":{"line":12,"column":0},"end":{"line":195,"column":5}},"2":{"start":{"line":14,"column":4},"end":{"line":14,"column":14}},"3":{"start":{"line":19,"column":4},"end":{"line":56,"column":9}},"4":{"start":{"line":21,"column":8},"end":{"line":21,"column":19}},"5":{"start":{"line":23,"column":8},"end":{"line":35,"column":13}},"6":{"start":{"line":24,"column":12},"end":{"line":34,"column":13}},"7":{"start":{"line":25,"column":16},"end":{"line":28,"column":30}},"8":{"start":{"line":30,"column":16},"end":{"line":33,"column":27}},"9":{"start":{"line":37,"column":8},"end":{"line":39,"column":21}},"10":{"start":{"line":40,"column":8},"end":{"line":53,"column":9}},"11":{"start":{"line":43,"column":12},"end":{"line":46,"column":14}},"12":{"start":{"line":47,"column":12},"end":{"line":47,"column":18}},"13":{"start":{"line":50,"column":12},"end":{"line":51,"column":46}},"14":{"start":{"line":52,"column":12},"end":{"line":52,"column":18}},"15":{"start":{"line":55,"column":8},"end":{"line":55,"column":35}},"16":{"start":{"line":61,"column":4},"end":{"line":63,"column":9}},"17":{"start":{"line":62,"column":8},"end":{"line":62,"column":15}},"18":{"start":{"line":64,"column":4},"end":{"line":77,"column":5}},"19":{"start":{"line":70,"column":8},"end":{"line":70,"column":14}},"20":{"start":{"line":76,"column":8},"end":{"line":76,"column":14}},"21":{"start":{"line":82,"column":4},"end":{"line":84,"column":9}},"22":{"start":{"line":83,"column":8},"end":{"line":83,"column":15}},"23":{"start":{"line":85,"column":4},"end":{"line":194,"column":5}},"24":{"start":{"line":91,"column":8},"end":{"line":99,"column":10}},"25":{"start":{"line":98,"column":12},"end":{"line":98,"column":35}},"26":{"start":{"line":102,"column":8},"end":{"line":104,"column":63}},"27":{"start":{"line":105,"column":8},"end":{"line":105,"column":14}},"28":{"start":{"line":112,"column":8},"end":{"line":121,"column":10},"skip":true},"29":{"start":{"line":119,"column":12},"end":{"line":119,"column":55},"skip":true},"30":{"start":{"line":120,"column":12},"end":{"line":120,"column":48},"skip":true},"31":{"start":{"line":123,"column":8},"end":{"line":136,"column":10},"skip":true},"32":{"start":{"line":130,"column":12},"end":{"line":130,"column":76},"skip":true},"33":{"start":{"line":131,"column":12},"end":{"line":131,"column":73},"skip":true},"34":{"start":{"line":132,"column":12},"end":{"line":132,"column":74},"skip":true},"35":{"start":{"line":133,"column":12},"end":{"line":133,"column":79},"skip":true},"36":{"start":{"line":134,"column":12},"end":{"line":134,"column":25},"skip":true},"37":{"start":{"line":135,"column":12},"end":{"line":135,"column":45},"skip":true},"38":{"start":{"line":138,"column":8},"end":{"line":145,"column":14},"skip":true},"39":{"start":{"line":143,"column":16},"end":{"line":143,"column":29},"skip":true},"40":{"start":{"line":144,"column":16},"end":{"line":144,"column":55},"skip":true},"41":{"start":{"line":147,"column":8},"end":{"line":156,"column":10},"skip":true},"42":{"start":{"line":154,"column":12},"end":{"line":154,"column":25},"skip":true},"43":{"start":{"line":155,"column":12},"end":{"line":155,"column":45},"skip":true},"44":{"start":{"line":158,"column":8},"end":{"line":167,"column":10},"skip":true},"45":{"start":{"line":165,"column":12},"end":{"line":165,"column":25},"skip":true},"46":{"start":{"line":166,"column":12},"end":{"line":166,"column":48},"skip":true},"47":{"start":{"line":169,"column":8},"end":{"line":178,"column":10},"skip":true},"48":{"start":{"line":176,"column":12},"end":{"line":176,"column":25},"skip":true},"49":{"start":{"line":177,"column":12},"end":{"line":177,"column":46},"skip":true},"50":{"start":{"line":180,"column":8},"end":{"line":189,"column":10},"skip":true},"51":{"start":{"line":187,"column":12},"end":{"line":187,"column":94},"skip":true},"52":{"start":{"line":188,"column":12},"end":{"line":188,"column":48},"skip":true},"53":{"start":{"line":192,"column":8},"end":{"line":192,"column":35},"skip":true},"54":{"start":{"line":193,"column":8},"end":{"line":193,"column":14},"skip":true}},"branchMap":{"1":{"line":25,"type":"binary-expr","locations":[{"start":{"line":25,"column":23},"end":{"line":25,"column":62}},{"start":{"line":26,"column":20},"end":{"line":26,"column":70}},{"start":{"line":27,"column":20},"end":{"line":27,"column":71}},{"start":{"line":28,"column":20},"end":{"line":28,"column":29}}]},"2":{"line":30,"type":"binary-expr","locations":[{"start":{"line":30,"column":23},"end":{"line":30,"column":37}},{"start":{"line":31,"column":20},"end":{"line":31,"column":61}},{"start":{"line":32,"column":20},"end":{"line":32,"column":70}},{"start":{"line":33,"column":20},"end":{"line":33,"column":26}}]},"3":{"line":37,"type":"cond-expr","locations":[{"start":{"line":38,"column":14},"end":{"line":38,"column":20}},{"start":{"line":39,"column":14},"end":{"line":39,"column":20}}]},"4":{"line":40,"type":"switch","locations":[{"start":{"line":42,"column":8},"end":{"line":47,"column":18}},{"start":{"line":49,"column":8},"end":{"line":52,"column":18}}]},"5":{"line":44,"type":"binary-expr","locations":[{"start":{"line":44,"column":16},"end":{"line":44,"column":44}},{"start":{"line":44,"column":48},"end":{"line":44,"column":66}}]},"6":{"line":50,"type":"binary-expr","locations":[{"start":{"line":50,"column":21},"end":{"line":50,"column":49}},{"start":{"line":50,"column":53},"end":{"line":50,"column":72}}]},"7":{"line":64,"type":"switch","locations":[{"start":{"line":69,"column":4},"end":{"line":70,"column":14}},{"start":{"line":75,"column":4},"end":{"line":76,"column":14}}]},"8":{"line":85,"type":"switch","locations":[{"start":{"line":90,"column":4},"end":{"line":105,"column":14}},{"start":{"line":111,"column":4},"end":{"line":193,"column":14},"skip":true}]},"9":{"line":91,"type":"binary-expr","locations":[{"start":{"line":91,"column":42},"end":{"line":91,"column":73}},{"start":{"line":91,"column":77},"end":{"line":99,"column":9}}]},"10":{"line":102,"type":"binary-expr","locations":[{"start":{"line":102,"column":18},"end":{"line":102,"column":32}},{"start":{"line":103,"column":12},"end":{"line":103,"column":53}},{"start":{"line":104,"column":12},"end":{"line":104,"column":61}}]},"11":{"line":112,"type":"binary-expr","locations":[{"start":{"line":112,"column":45},"end":{"line":112,"column":79},"skip":true},{"start":{"line":112,"column":83},"end":{"line":121,"column":9},"skip":true}]},"12":{"line":123,"type":"binary-expr","locations":[{"start":{"line":123,"column":42},"end":{"line":123,"column":73},"skip":true},{"start":{"line":123,"column":77},"end":{"line":136,"column":9},"skip":true}]},"13":{"line":138,"type":"binary-expr","locations":[{"start":{"line":138,"column":48},"end":{"line":138,"column":85},"skip":true},{"start":{"line":139,"column":12},"end":{"line":145,"column":13},"skip":true}]},"14":{"line":147,"type":"binary-expr","locations":[{"start":{"line":147,"column":42},"end":{"line":147,"column":73},"skip":true},{"start":{"line":147,"column":77},"end":{"line":156,"column":9},"skip":true}]},"15":{"line":158,"type":"binary-expr","locations":[{"start":{"line":158,"column":45},"end":{"line":158,"column":79},"skip":true},{"start":{"line":158,"column":83},"end":{"line":167,"column":9},"skip":true}]},"16":{"line":169,"type":"binary-expr","locations":[{"start":{"line":169,"column":43},"end":{"line":169,"column":75},"skip":true},{"start":{"line":169,"column":79},"end":{"line":178,"column":9},"skip":true}]},"17":{"line":180,"type":"binary-expr","locations":[{"start":{"line":180,"column":41},"end":{"line":180,"column":71},"skip":true},{"start":{"line":180,"column":75},"end":{"line":189,"column":9},"skip":true}]}},"code":["/* istanbul instrument in package npmtest_wrench */","/*jslint","    bitwise: true,","    browser: true,","    maxerr: 8,","    maxlen: 96,","    node: true,","    nomen: true,","    regexp: true,","    stupid: true","*/","(function () {","    'use strict';","    var local;","","","","    // run shared js-env code - pre-init","    (function () {","        // init local","        local = {};","        // init modeJs","        local.modeJs = (function () {","            try {","                return typeof navigator.userAgent === 'string' &&","                    typeof document.querySelector('body') === 'object' &&","                    typeof XMLHttpRequest.prototype.open === 'function' &&","                    'browser';","            } catch (errorCaughtBrowser) {","                return module.exports &&","                    typeof process.versions.node === 'string' &&","                    typeof require('http').createServer === 'function' &&","                    'node';","            }","        }());","        // init global","        local.global = local.modeJs === 'browser'","            ? window","            : global;","        switch (local.modeJs) {","        // re-init local from window.local","        case 'browser':","            local = local.global.utility2.objectSetDefault(","                local.global.utility2_rollup || local.global.local,","                local.global.utility2","            );","            break;","        // re-init local from example.js","        case 'node':","            local = (local.global.utility2_rollup || require('utility2'))","                .requireExampleJsFromReadme();","            break;","        }","        // export local","        local.global.local = local;","    }());","","","","    // run shared js-env code - function","    (function () {","        return;","    }());","    switch (local.modeJs) {","","","","    // run browser js-env code - function","    case 'browser':","        break;","","","","    // run node js-env code - function","    case 'node':","        break;","    }","","","","    // run shared js-env code - post-init","    (function () {","        return;","    }());","    switch (local.modeJs) {","","","","    // run browser js-env code - post-init","    case 'browser':","        local.testCase_browser_nullCase = local.testCase_browser_nullCase || function (","            options,","            onError","        ) {","        /*","         * this function will test browsers's null-case handling-behavior-behavior","         */","            onError(null, options);","        };","","        // run tests","        local.nop(local.modeTest &&","            document.querySelector('#testRunButton1') &&","            document.querySelector('#testRunButton1').click());","        break;","","","","    // run node js-env code - post-init","    /* istanbul ignore next */","    case 'node':","        local.testCase_buildApidoc_default = local.testCase_buildApidoc_default || function (","            options,","            onError","        ) {","        /*","         * this function will test buildApidoc's default handling-behavior-behavior","         */","            options = { modulePathList: module.paths };","            local.buildApidoc(options, onError);","        };","","        local.testCase_buildApp_default = local.testCase_buildApp_default || function (","            options,","            onError","        ) {","        /*","         * this function will test buildApp's default handling-behavior-behavior","         */","            local.testCase_buildReadme_default(options, local.onErrorThrow);","            local.testCase_buildLib_default(options, local.onErrorThrow);","            local.testCase_buildTest_default(options, local.onErrorThrow);","            local.testCase_buildCustomOrg_default(options, local.onErrorThrow);","            options = [];","            local.buildApp(options, onError);","        };","","        local.testCase_buildCustomOrg_default = local.testCase_buildCustomOrg_default ||","            function (options, onError) {","            /*","             * this function will test buildCustomOrg's default handling-behavior","             */","                options = {};","                local.buildCustomOrg(options, onError);","            };","","        local.testCase_buildLib_default = local.testCase_buildLib_default || function (","            options,","            onError","        ) {","        /*","         * this function will test buildLib's default handling-behavior","         */","            options = {};","            local.buildLib(options, onError);","        };","","        local.testCase_buildReadme_default = local.testCase_buildReadme_default || function (","            options,","            onError","        ) {","        /*","         * this function will test buildReadme's default handling-behavior-behavior","         */","            options = {};","            local.buildReadme(options, onError);","        };","","        local.testCase_buildTest_default = local.testCase_buildTest_default || function (","            options,","            onError","        ) {","        /*","         * this function will test buildTest's default handling-behavior","         */","            options = {};","            local.buildTest(options, onError);","        };","","        local.testCase_webpage_default = local.testCase_webpage_default || function (","            options,","            onError","        ) {","        /*","         * this function will test webpage's default handling-behavior","         */","            options = { modeCoverageMerge: true, url: local.serverLocalHost + '?modeTest=1' };","            local.browserTest(options, onError);","        };","","        // run test-server","        local.testRunServer(local);","        break;","    }","}());",""],"l":{"12":2,"14":2,"19":2,"21":2,"23":2,"24":2,"25":2,"30":1,"37":2,"40":2,"43":1,"47":1,"50":1,"52":1,"55":2,"61":2,"62":2,"64":2,"70":1,"76":1,"82":2,"83":2,"85":2,"91":1,"98":1,"102":1,"105":1,"112":1,"119":1,"120":1,"123":1,"130":1,"131":1,"132":1,"133":1,"134":1,"135":1,"138":1,"143":2,"144":2,"147":1,"154":2,"155":2,"158":1,"165":2,"166":2,"169":1,"176":2,"177":2,"180":1,"187":1,"188":1,"192":1,"193":1}},"/home/travis/build/npmtest/node-npmtest-wrench/lib.npmtest_wrench.js":{"path":"/home/travis/build/npmtest/node-npmtest-wrench/lib.npmtest_wrench.js","s":{"1":2,"2":2,"3":2,"4":2,"5":2,"6":2,"7":2,"8":1,"9":2,"10":2,"11":2,"12":2,"13":1,"14":1,"15":1,"16":1},"b":{"1":[2,1,1,1],"2":[1,1,1,1],"3":[1,1],"4":[2,2],"5":[1,1]},"f":{"1":2,"2":2,"3":2},"fnMap":{"1":{"name":"(anonymous_1)","line":12,"loc":{"start":{"line":12,"column":1},"end":{"line":12,"column":13}}},"2":{"name":"(anonymous_2)","line":19,"loc":{"start":{"line":19,"column":5},"end":{"line":19,"column":17}}},"3":{"name":"(anonymous_3)","line":23,"loc":{"start":{"line":23,"column":24},"end":{"line":23,"column":36}}}},"statementMap":{"1":{"start":{"line":12,"column":0},"end":{"line":53,"column":5}},"2":{"start":{"line":14,"column":4},"end":{"line":14,"column":14}},"3":{"start":{"line":19,"column":4},"end":{"line":52,"column":9}},"4":{"start":{"line":21,"column":8},"end":{"line":21,"column":19}},"5":{"start":{"line":23,"column":8},"end":{"line":35,"column":13}},"6":{"start":{"line":24,"column":12},"end":{"line":34,"column":13}},"7":{"start":{"line":25,"column":16},"end":{"line":28,"column":30}},"8":{"start":{"line":30,"column":16},"end":{"line":33,"column":27}},"9":{"start":{"line":37,"column":8},"end":{"line":39,"column":21}},"10":{"start":{"line":41,"column":8},"end":{"line":41,"column":54}},"11":{"start":{"line":43,"column":8},"end":{"line":43,"column":51}},"12":{"start":{"line":45,"column":8},"end":{"line":51,"column":9}},"13":{"start":{"line":46,"column":12},"end":{"line":46,"column":57}},"14":{"start":{"line":48,"column":12},"end":{"line":48,"column":35}},"15":{"start":{"line":49,"column":12},"end":{"line":49,"column":49}},"16":{"start":{"line":50,"column":12},"end":{"line":50,"column":43}}},"branchMap":{"1":{"line":25,"type":"binary-expr","locations":[{"start":{"line":25,"column":23},"end":{"line":25,"column":62}},{"start":{"line":26,"column":20},"end":{"line":26,"column":70}},{"start":{"line":27,"column":20},"end":{"line":27,"column":71}},{"start":{"line":28,"column":20},"end":{"line":28,"column":29}}]},"2":{"line":30,"type":"binary-expr","locations":[{"start":{"line":30,"column":23},"end":{"line":30,"column":37}},{"start":{"line":31,"column":20},"end":{"line":31,"column":61}},{"start":{"line":32,"column":20},"end":{"line":32,"column":70}},{"start":{"line":33,"column":20},"end":{"line":33,"column":26}}]},"3":{"line":37,"type":"cond-expr","locations":[{"start":{"line":38,"column":14},"end":{"line":38,"column":20}},{"start":{"line":39,"column":14},"end":{"line":39,"column":20}}]},"4":{"line":41,"type":"binary-expr","locations":[{"start":{"line":41,"column":16},"end":{"line":41,"column":44}},{"start":{"line":41,"column":48},"end":{"line":41,"column":53}}]},"5":{"line":45,"type":"if","locations":[{"start":{"line":45,"column":8},"end":{"line":45,"column":8}},{"start":{"line":45,"column":8},"end":{"line":45,"column":8}}]}},"code":["/* istanbul instrument in package npmtest_wrench */","/*jslint","    bitwise: true,","    browser: true,","    maxerr: 8,","    maxlen: 96,","    node: true,","    nomen: true,","    regexp: true,","    stupid: true","*/","(function () {","    'use strict';","    var local;","","","","    // run shared js-env code - pre-init","    (function () {","        // init local","        local = {};","        // init modeJs","        local.modeJs = (function () {","            try {","                return typeof navigator.userAgent === 'string' &&","                    typeof document.querySelector('body') === 'object' &&","                    typeof XMLHttpRequest.prototype.open === 'function' &&","                    'browser';","            } catch (errorCaughtBrowser) {","                return module.exports &&","                    typeof process.versions.node === 'string' &&","                    typeof require('http').createServer === 'function' &&","                    'node';","            }","        }());","        // init global","        local.global = local.modeJs === 'browser'","            ? window","            : global;","        // init utility2_rollup","        local = local.global.utility2_rollup || local;","        // init lib","        local.local = local.npmtest_wrench = local;","        // init exports","        if (local.modeJs === 'browser') {","            local.global.utility2_npmtest_wrench = local;","        } else {","            module.exports = local;","            module.exports.__dirname = __dirname;","            module.exports.module = module;","        }","    }());","}());",""],"l":{"12":2,"14":2,"19":2,"21":2,"23":2,"24":2,"25":2,"30":1,"37":2,"41":2,"43":2,"45":2,"46":1,"48":1,"49":1,"50":1}},"/home/travis/build/npmtest/node-npmtest-wrench/example.js":{"path":"/home/travis/build/npmtest/node-npmtest-wrench/example.js","s":{"1":2,"2":2,"3":2,"4":2,"5":2,"6":2,"7":2,"8":1,"9":2,"10":2,"11":2,"12":2,"13":1,"14":2,"15":2,"16":2,"17":2,"18":2,"19":0,"20":2,"21":1,"22":1,"23":1,"24":1,"25":1,"26":0,"27":0,"28":1,"29":1,"30":2,"31":0,"32":0,"33":0,"34":1,"35":2,"36":2,"37":3,"38":3,"39":3,"40":3,"41":0,"42":3,"43":3,"44":3,"45":1,"46":3,"47":1,"48":1,"49":1,"50":1,"51":1,"52":1,"53":1,"54":1,"55":1,"56":1,"57":0,"58":1,"59":6,"60":6,"61":1,"62":2,"63":0,"64":2,"65":1,"66":1,"67":0,"68":0,"69":0,"70":0,"71":0,"72":0,"73":0,"74":0,"75":0,"76":0,"77":0,"78":0,"79":0,"80":0,"81":0,"82":0,"83":0},"b":{"1":[2,1,1,1],"2":[1,1,1,1],"3":[1,1],"4":[2,2],"5":[1,1],"6":[1,1],"7":[2,0],"8":[2,1,1,1,1,1],"9":[0,2,0],"10":[1,1],"11":[2,1,1],"12":[1,0],"13":[0,2],"14":[2,0,0,0,0,0,0],"15":[0,3],"16":[3,0],"17":[1,1],"18":[0,1],"19":[1,2,0,2],"20":[1,0],"21":[1,1],"22":[0,0],"23":[0,0],"24":[0,0],"25":[0,0],"26":[0,0],"27":[0,0],"28":[0,0]},"f":{"1":2,"2":2,"3":2,"4":2,"5":2,"6":2,"7":3,"8":3,"9":3,"10":1,"11":6,"12":0},"fnMap":{"1":{"name":"(anonymous_1)","line":26,"loc":{"start":{"line":26,"column":1},"end":{"line":26,"column":13}}},"2":{"name":"(anonymous_2)","line":33,"loc":{"start":{"line":33,"column":5},"end":{"line":33,"column":17}}},"3":{"name":"(anonymous_3)","line":37,"loc":{"start":{"line":37,"column":24},"end":{"line":37,"column":36}}},"4":{"name":"(anonymous_4)","line":69,"loc":{"start":{"line":69,"column":31},"end":{"line":69,"column":48}},"skip":true},"5":{"name":"(anonymous_5)","line":78,"loc":{"start":{"line":78,"column":26},"end":{"line":78,"column":45}},"skip":true},"6":{"name":"(anonymous_6)","line":123,"loc":{"start":{"line":123,"column":33},"end":{"line":123,"column":48}},"skip":true},"7":{"name":"(anonymous_7)","line":125,"loc":{"start":{"line":125,"column":27},"end":{"line":125,"column":39}},"skip":true},"8":{"name":"(anonymous_8)","line":133,"loc":{"start":{"line":133,"column":59},"end":{"line":133,"column":74}},"skip":true},"9":{"name":"(anonymous_9)","line":143,"loc":{"start":{"line":143,"column":45},"end":{"line":143,"column":62}},"skip":true},"10":{"name":"(anonymous_10)","line":144,"loc":{"start":{"line":144,"column":73},"end":{"line":144,"column":92}},"skip":true},"11":{"name":"(anonymous_11)","line":272,"loc":{"start":{"line":272,"column":51},"end":{"line":272,"column":77}},"skip":true},"12":{"name":"(anonymous_12)","line":315,"loc":{"start":{"line":315,"column":32},"end":{"line":315,"column":61}},"skip":true}},"statementMap":{"1":{"start":{"line":26,"column":0},"end":{"line":326,"column":5}},"2":{"start":{"line":28,"column":4},"end":{"line":28,"column":14}},"3":{"start":{"line":33,"column":4},"end":{"line":60,"column":9}},"4":{"start":{"line":35,"column":8},"end":{"line":35,"column":19}},"5":{"start":{"line":37,"column":8},"end":{"line":49,"column":13}},"6":{"start":{"line":38,"column":12},"end":{"line":48,"column":13}},"7":{"start":{"line":39,"column":16},"end":{"line":42,"column":30}},"8":{"start":{"line":44,"column":16},"end":{"line":47,"column":27}},"9":{"start":{"line":51,"column":8},"end":{"line":53,"column":21}},"10":{"start":{"line":55,"column":8},"end":{"line":57,"column":45}},"11":{"start":{"line":59,"column":8},"end":{"line":59,"column":35}},"12":{"start":{"line":61,"column":4},"end":{"line":325,"column":5}},"13":{"start":{"line":69,"column":8},"end":{"line":121,"column":10},"skip":true},"14":{"start":{"line":70,"column":12},"end":{"line":88,"column":13},"skip":true},"15":{"start":{"line":76,"column":16},"end":{"line":87,"column":19},"skip":true},"16":{"start":{"line":79,"column":20},"end":{"line":86,"column":21},"skip":true},"17":{"start":{"line":82,"column":24},"end":{"line":82,"column":43},"skip":true},"18":{"start":{"line":83,"column":24},"end":{"line":83,"column":30},"skip":true},"19":{"start":{"line":85,"column":24},"end":{"line":85,"column":49},"skip":true},"20":{"start":{"line":89,"column":12},"end":{"line":107,"column":13},"skip":true},"21":{"start":{"line":92,"column":16},"end":{"line":102,"column":17},"skip":true},"22":{"start":{"line":93,"column":20},"end":{"line":93,"column":86},"skip":true},"23":{"start":{"line":94,"column":20},"end":{"line":95,"column":45},"skip":true},"24":{"start":{"line":96,"column":20},"end":{"line":96,"column":42},"skip":true},"25":{"start":{"line":97,"column":20},"end":{"line":97,"column":48},"skip":true},"26":{"start":{"line":100,"column":20},"end":{"line":100,"column":85},"skip":true},"27":{"start":{"line":101,"column":20},"end":{"line":101,"column":96},"skip":true},"28":{"start":{"line":103,"column":16},"end":{"line":103,"column":22},"skip":true},"29":{"start":{"line":106,"column":16},"end":{"line":106,"column":22},"skip":true},"30":{"start":{"line":108,"column":12},"end":{"line":120,"column":13},"skip":true},"31":{"start":{"line":114,"column":16},"end":{"line":119,"column":17},"skip":true},"32":{"start":{"line":116,"column":20},"end":{"line":116,"column":78},"skip":true},"33":{"start":{"line":118,"column":20},"end":{"line":118,"column":47},"skip":true},"34":{"start":{"line":123,"column":8},"end":{"line":141,"column":11},"skip":true},"35":{"start":{"line":124,"column":12},"end":{"line":124,"column":54},"skip":true},"36":{"start":{"line":125,"column":12},"end":{"line":140,"column":14},"skip":true},"37":{"start":{"line":126,"column":16},"end":{"line":126,"column":28},"skip":true},"38":{"start":{"line":127,"column":16},"end":{"line":127,"column":69},"skip":true},"39":{"start":{"line":128,"column":16},"end":{"line":128,"column":75},"skip":true},"40":{"start":{"line":129,"column":16},"end":{"line":131,"column":17},"skip":true},"41":{"start":{"line":130,"column":20},"end":{"line":130,"column":27},"skip":true},"42":{"start":{"line":133,"column":16},"end":{"line":137,"column":36},"skip":true},"43":{"start":{"line":134,"column":20},"end":{"line":136,"column":55},"skip":true},"44":{"start":{"line":139,"column":16},"end":{"line":139,"column":57},"skip":true},"45":{"start":{"line":143,"column":8},"end":{"line":147,"column":11},"skip":true},"46":{"start":{"line":144,"column":12},"end":{"line":146,"column":15},"skip":true},"47":{"start":{"line":145,"column":16},"end":{"line":145,"column":70},"skip":true},"48":{"start":{"line":149,"column":8},"end":{"line":149,"column":31},"skip":true},"49":{"start":{"line":150,"column":8},"end":{"line":150,"column":14},"skip":true},"50":{"start":{"line":158,"column":8},"end":{"line":158,"column":31},"skip":true},"51":{"start":{"line":160,"column":8},"end":{"line":160,"column":33},"skip":true},"52":{"start":{"line":161,"column":8},"end":{"line":161,"column":37},"skip":true},"53":{"start":{"line":162,"column":8},"end":{"line":162,"column":35},"skip":true},"54":{"start":{"line":164,"column":8},"end":{"line":164,"column":50},"skip":true},"55":{"start":{"line":166,"column":8},"end":{"line":256,"column":2},"skip":true},"56":{"start":{"line":258,"column":8},"end":{"line":286,"column":9},"skip":true},"57":{"start":{"line":259,"column":12},"end":{"line":269,"column":14},"skip":true},"58":{"start":{"line":271,"column":12},"end":{"line":285,"column":19},"skip":true},"59":{"start":{"line":274,"column":20},"end":{"line":274,"column":35},"skip":true},"60":{"start":{"line":275,"column":20},"end":{"line":284,"column":21},"skip":true},"61":{"start":{"line":277,"column":24},"end":{"line":277,"column":64},"skip":true},"62":{"start":{"line":279,"column":24},"end":{"line":279,"column":40},"skip":true},"63":{"start":{"line":281,"column":24},"end":{"line":281,"column":40},"skip":true},"64":{"start":{"line":283,"column":24},"end":{"line":283,"column":39},"skip":true},"65":{"start":{"line":288,"column":8},"end":{"line":290,"column":9},"skip":true},"66":{"start":{"line":289,"column":12},"end":{"line":289,"column":18},"skip":true},"67":{"start":{"line":291,"column":8},"end":{"line":293,"column":54},"skip":true},"68":{"start":{"line":296,"column":8},"end":{"line":301,"column":37},"skip":true},"69":{"start":{"line":303,"column":8},"end":{"line":303,"column":82},"skip":true},"70":{"start":{"line":306,"column":8},"end":{"line":308,"column":9},"skip":true},"71":{"start":{"line":307,"column":12},"end":{"line":307,"column":82},"skip":true},"72":{"start":{"line":310,"column":8},"end":{"line":312,"column":9},"skip":true},"73":{"start":{"line":311,"column":12},"end":{"line":311,"column":18},"skip":true},"74":{"start":{"line":313,"column":8},"end":{"line":313,"column":54},"skip":true},"75":{"start":{"line":314,"column":8},"end":{"line":314,"column":69},"skip":true},"76":{"start":{"line":315,"column":8},"end":{"line":323,"column":36},"skip":true},"77":{"start":{"line":316,"column":12},"end":{"line":316,"column":61},"skip":true},"78":{"start":{"line":317,"column":12},"end":{"line":320,"column":13},"skip":true},"79":{"start":{"line":318,"column":16},"end":{"line":318,"column":75},"skip":true},"80":{"start":{"line":319,"column":16},"end":{"line":319,"column":23},"skip":true},"81":{"start":{"line":321,"column":12},"end":{"line":321,"column":38},"skip":true},"82":{"start":{"line":322,"column":12},"end":{"line":322,"column":27},"skip":true},"83":{"start":{"line":324,"column":8},"end":{"line":324,"column":14},"skip":true}},"branchMap":{"1":{"line":39,"type":"binary-expr","locations":[{"start":{"line":39,"column":23},"end":{"line":39,"column":62}},{"start":{"line":40,"column":20},"end":{"line":40,"column":70}},{"start":{"line":41,"column":20},"end":{"line":41,"column":71}},{"start":{"line":42,"column":20},"end":{"line":42,"column":29}}]},"2":{"line":44,"type":"binary-expr","locations":[{"start":{"line":44,"column":23},"end":{"line":44,"column":37}},{"start":{"line":45,"column":20},"end":{"line":45,"column":61}},{"start":{"line":46,"column":20},"end":{"line":46,"column":70}},{"start":{"line":47,"column":20},"end":{"line":47,"column":26}}]},"3":{"line":51,"type":"cond-expr","locations":[{"start":{"line":52,"column":14},"end":{"line":52,"column":20}},{"start":{"line":53,"column":14},"end":{"line":53,"column":20}}]},"4":{"line":55,"type":"binary-expr","locations":[{"start":{"line":55,"column":16},"end":{"line":55,"column":44}},{"start":{"line":55,"column":49},"end":{"line":57,"column":43}}]},"5":{"line":55,"type":"cond-expr","locations":[{"start":{"line":56,"column":14},"end":{"line":56,"column":50}},{"start":{"line":57,"column":14},"end":{"line":57,"column":43}}]},"6":{"line":61,"type":"switch","locations":[{"start":{"line":68,"column":4},"end":{"line":150,"column":14},"skip":true},{"start":{"line":156,"column":4},"end":{"line":324,"column":14},"skip":true}]},"7":{"line":70,"type":"if","locations":[{"start":{"line":70,"column":12},"end":{"line":70,"column":12},"skip":true},{"start":{"line":70,"column":12},"end":{"line":70,"column":12},"skip":true}]},"8":{"line":70,"type":"binary-expr","locations":[{"start":{"line":70,"column":16},"end":{"line":70,"column":22},"skip":true},{"start":{"line":70,"column":27},"end":{"line":70,"column":32},"skip":true},{"start":{"line":71,"column":20},"end":{"line":71,"column":39},"skip":true},{"start":{"line":72,"column":20},"end":{"line":72,"column":49},"skip":true},{"start":{"line":73,"column":20},"end":{"line":73,"column":58},"skip":true},{"start":{"line":74,"column":20},"end":{"line":74,"column":69},"skip":true}]},"9":{"line":79,"type":"switch","locations":[{"start":{"line":80,"column":20},"end":{"line":80,"column":33},"skip":true},{"start":{"line":81,"column":20},"end":{"line":83,"column":30},"skip":true},{"start":{"line":84,"column":20},"end":{"line":85,"column":49},"skip":true}]},"10":{"line":89,"type":"switch","locations":[{"start":{"line":90,"column":12},"end":{"line":103,"column":22},"skip":true},{"start":{"line":105,"column":12},"end":{"line":106,"column":22},"skip":true}]},"11":{"line":89,"type":"binary-expr","locations":[{"start":{"line":89,"column":20},"end":{"line":89,"column":25},"skip":true},{"start":{"line":89,"column":29},"end":{"line":89,"column":48},"skip":true},{"start":{"line":89,"column":52},"end":{"line":89,"column":74},"skip":true}]},"12":{"line":92,"type":"if","locations":[{"start":{"line":92,"column":16},"end":{"line":92,"column":16},"skip":true},{"start":{"line":92,"column":16},"end":{"line":92,"column":16},"skip":true}]},"13":{"line":108,"type":"if","locations":[{"start":{"line":108,"column":12},"end":{"line":108,"column":12},"skip":true},{"start":{"line":108,"column":12},"end":{"line":108,"column":12},"skip":true}]},"14":{"line":108,"type":"binary-expr","locations":[{"start":{"line":108,"column":16},"end":{"line":108,"column":61},"skip":true},{"start":{"line":108,"column":66},"end":{"line":108,"column":72},"skip":true},{"start":{"line":108,"column":77},"end":{"line":108,"column":82},"skip":true},{"start":{"line":109,"column":20},"end":{"line":109,"column":39},"skip":true},{"start":{"line":110,"column":20},"end":{"line":110,"column":49},"skip":true},{"start":{"line":111,"column":20},"end":{"line":111,"column":58},"skip":true},{"start":{"line":112,"column":20},"end":{"line":112,"column":68},"skip":true}]},"15":{"line":129,"type":"if","locations":[{"start":{"line":129,"column":16},"end":{"line":129,"column":16},"skip":true},{"start":{"line":129,"column":16},"end":{"line":129,"column":16},"skip":true}]},"16":{"line":134,"type":"cond-expr","locations":[{"start":{"line":135,"column":26},"end":{"line":135,"column":29},"skip":true},{"start":{"line":136,"column":26},"end":{"line":136,"column":54},"skip":true}]},"17":{"line":164,"type":"binary-expr","locations":[{"start":{"line":164,"column":27},"end":{"line":164,"column":43},"skip":true},{"start":{"line":164,"column":47},"end":{"line":164,"column":49},"skip":true}]},"18":{"line":258,"type":"if","locations":[{"start":{"line":258,"column":8},"end":{"line":258,"column":8},"skip":true},{"start":{"line":258,"column":8},"end":{"line":258,"column":8},"skip":true}]},"19":{"line":275,"type":"switch","locations":[{"start":{"line":276,"column":20},"end":{"line":277,"column":64},"skip":true},{"start":{"line":278,"column":20},"end":{"line":279,"column":40},"skip":true},{"start":{"line":280,"column":20},"end":{"line":281,"column":40},"skip":true},{"start":{"line":282,"column":20},"end":{"line":283,"column":39},"skip":true}]},"20":{"line":288,"type":"if","locations":[{"start":{"line":288,"column":8},"end":{"line":288,"column":8},"skip":true},{"start":{"line":288,"column":8},"end":{"line":288,"column":8},"skip":true}]},"21":{"line":288,"type":"binary-expr","locations":[{"start":{"line":288,"column":12},"end":{"line":288,"column":40},"skip":true},{"start":{"line":288,"column":44},"end":{"line":288,"column":67},"skip":true}]},"22":{"line":292,"type":"binary-expr","locations":[{"start":{"line":292,"column":12},"end":{"line":292,"column":50},"skip":true},{"start":{"line":293,"column":12},"end":{"line":293,"column":53},"skip":true}]},"23":{"line":297,"type":"binary-expr","locations":[{"start":{"line":297,"column":12},"end":{"line":297,"column":64},"skip":true},{"start":{"line":298,"column":12},"end":{"line":301,"column":36},"skip":true}]},"24":{"line":303,"type":"binary-expr","locations":[{"start":{"line":303,"column":43},"end":{"line":303,"column":75},"skip":true},{"start":{"line":303,"column":79},"end":{"line":303,"column":81},"skip":true}]},"25":{"line":306,"type":"if","locations":[{"start":{"line":306,"column":8},"end":{"line":306,"column":8},"skip":true},{"start":{"line":306,"column":8},"end":{"line":306,"column":8},"skip":true}]},"26":{"line":310,"type":"if","locations":[{"start":{"line":310,"column":8},"end":{"line":310,"column":8},"skip":true},{"start":{"line":310,"column":8},"end":{"line":310,"column":8},"skip":true}]},"27":{"line":313,"type":"binary-expr","locations":[{"start":{"line":313,"column":27},"end":{"line":313,"column":43},"skip":true},{"start":{"line":313,"column":47},"end":{"line":313,"column":53},"skip":true}]},"28":{"line":317,"type":"if","locations":[{"start":{"line":317,"column":12},"end":{"line":317,"column":12},"skip":true},{"start":{"line":317,"column":12},"end":{"line":317,"column":12},"skip":true}]}},"code":["/*","example.js","","quickstart example","","instruction","    1. save this script as example.js","    2. run the shell command:","        $ npm install npmtest-wrench && PORT=8081 node example.js","    3. play with the browser-demo on http://127.0.0.1:8081","*/","","","","/* istanbul instrument in package npmtest_wrench */","/*jslint","    bitwise: true,","    browser: true,","    maxerr: 8,","    maxlen: 96,","    node: true,","    nomen: true,","    regexp: true,","    stupid: true","*/","(function () {","    'use strict';","    var local;","","","","    // run shared js-env code - pre-init","    (function () {","        // init local","        local = {};","        // init modeJs","        local.modeJs = (function () {","            try {","                return typeof navigator.userAgent === 'string' &&","                    typeof document.querySelector('body') === 'object' &&","                    typeof XMLHttpRequest.prototype.open === 'function' &&","                    'browser';","            } catch (errorCaughtBrowser) {","                return module.exports &&","                    typeof process.versions.node === 'string' &&","                    typeof require('http').createServer === 'function' &&","                    'node';","            }","        }());","        // init global","        local.global = local.modeJs === 'browser'","            ? window","            : global;","        // init utility2_rollup","        local = local.global.utility2_rollup || (local.modeJs === 'browser'","            ? local.global.utility2_npmtest_wrench","            : global.utility2_moduleExports);","        // export local","        local.global.local = local;","    }());","    switch (local.modeJs) {","","","","    // post-init","    // run browser js-env code - post-init","    /* istanbul ignore next */","    case 'browser':","        local.testRunBrowser = function (event) {","            if (!event || (event &&","                    event.currentTarget &&","                    event.currentTarget.className &&","                    event.currentTarget.className.includes &&","                    event.currentTarget.className.includes('onreset'))) {","                // reset output","                Array.from(","                    document.querySelectorAll('body > .resettable')","                ).forEach(function (element) {","                    switch (element.tagName) {","                    case 'INPUT':","                    case 'TEXTAREA':","                        element.value = '';","                        break;","                    default:","                        element.textContent = '';","                    }","                });","            }","            switch (event && event.currentTarget && event.currentTarget.id) {","            case 'testRunButton1':","                // show tests","                if (document.querySelector('#testReportDiv1').style.display === 'none') {","                    document.querySelector('#testReportDiv1').style.display = 'block';","                    document.querySelector('#testRunButton1').textContent =","                        'hide internal test';","                    local.modeTest = true;","                    local.testRunDefault(local);","                // hide tests","                } else {","                    document.querySelector('#testReportDiv1').style.display = 'none';","                    document.querySelector('#testRunButton1').textContent = 'run internal test';","                }","                break;","            // custom-case","            default:","                break;","            }","            if (document.querySelector('#inputTextareaEval1') && (!event || (event &&","                    event.currentTarget &&","                    event.currentTarget.className &&","                    event.currentTarget.className.includes &&","                    event.currentTarget.className.includes('oneval')))) {","                // try to eval input-code","                try {","                    /*jslint evil: true*/","                    eval(document.querySelector('#inputTextareaEval1').value);","                } catch (errorCaught) {","                    console.error(errorCaught);","                }","            }","        };","        // log stderr and stdout to #outputTextareaStdout1","        ['error', 'log'].forEach(function (key) {","            console[key + '_original'] = console[key];","            console[key] = function () {","                var element;","                console[key + '_original'].apply(console, arguments);","                element = document.querySelector('#outputTextareaStdout1');","                if (!element) {","                    return;","                }","                // append text to #outputTextareaStdout1","                element.value += Array.from(arguments).map(function (arg) {","                    return typeof arg === 'string'","                        ? arg","                        : JSON.stringify(arg, null, 4);","                }).join(' ') + '\\n';","                // scroll textarea to bottom","                element.scrollTop = element.scrollHeight;","            };","        });","        // init event-handling","        ['change', 'click', 'keyup'].forEach(function (event) {","            Array.from(document.querySelectorAll('.on' + event)).forEach(function (element) {","                element.addEventListener(event, local.testRunBrowser);","            });","        });","        // run tests","        local.testRunBrowser();","        break;","","","","    // run node js-env code - post-init","    /* istanbul ignore next */","    case 'node':","        // export local","        module.exports = local;","        // require modules","        local.fs = require('fs');","        local.http = require('http');","        local.url = require('url');","        // init assets","        local.assetsDict = local.assetsDict || {};","        /* jslint-ignore-begin */","        local.assetsDict['/assets.index.template.html'] = '\\","<!doctype html>\\n\\","<html lang=\"en\">\\n\\","<head>\\n\\","<meta charset=\"UTF-8\">\\n\\","<meta name=\"viewport\" content=\"width=device-width, initial-scale=1\">\\n\\","<title>{{env.npm_package_name}} (v{{env.npm_package_version}})</title>\\n\\","<style>\\n\\","/*csslint\\n\\","    box-sizing: false,\\n\\","    universal-selector: false\\n\\","*/\\n\\","* {\\n\\","    box-sizing: border-box;\\n\\","}\\n\\","body {\\n\\","    background: #dde;\\n\\","    font-family: Arial, Helvetica, sans-serif;\\n\\","    margin: 2rem;\\n\\","}\\n\\","body > * {\\n\\","    margin-bottom: 1rem;\\n\\","}\\n\\",".utility2FooterDiv {\\n\\","    margin-top: 20px;\\n\\","    text-align: center;\\n\\","}\\n\\","</style>\\n\\","<style>\\n\\","/*csslint\\n\\","*/\\n\\","textarea {\\n\\","    font-family: monospace;\\n\\","    height: 10rem;\\n\\","    width: 100%;\\n\\","}\\n\\","textarea[readonly] {\\n\\","    background: #ddd;\\n\\","}\\n\\","</style>\\n\\","</head>\\n\\","<body>\\n\\","<!-- utility2-comment\\n\\","<div id=\"ajaxProgressDiv1\" style=\"background: #d00; height: 2px; left: 0; margin: 0; padding: 0; position: fixed; top: 0; transition: background 0.5s, width 1.5s; width: 25%;\"></div>\\n\\","utility2-comment -->\\n\\","<h1>\\n\\","<!-- utility2-comment\\n\\","    <a\\n\\","        {{#if env.npm_package_homepage}}\\n\\","        href=\"{{env.npm_package_homepage}}\"\\n\\","        {{/if env.npm_package_homepage}}\\n\\","        target=\"_blank\"\\n\\","    >\\n\\","utility2-comment -->\\n\\","        {{env.npm_package_name}} (v{{env.npm_package_version}})\\n\\","<!-- utility2-comment\\n\\","    </a>\\n\\","utility2-comment -->\\n\\","</h1>\\n\\","<h3>{{env.npm_package_description}}</h3>\\n\\","<!-- utility2-comment\\n\\","<h4><a download href=\"assets.app.js\">download standalone app</a></h4>\\n\\","<button class=\"onclick onreset\" id=\"testRunButton1\">run internal test</button><br>\\n\\","<div id=\"testReportDiv1\" style=\"display: none;\"></div>\\n\\","utility2-comment -->\\n\\","\\n\\","\\n\\","\\n\\","<label>stderr and stdout</label>\\n\\","<textarea class=\"resettable\" id=\"outputTextareaStdout1\" readonly></textarea>\\n\\","<!-- utility2-comment\\n\\","{{#if isRollup}}\\n\\","<script src=\"assets.app.js\"></script>\\n\\","{{#unless isRollup}}\\n\\","utility2-comment -->\\n\\","<script src=\"assets.utility2.rollup.js\"></script>\\n\\","<script src=\"jsonp.utility2._stateInit?callback=window.utility2._stateInit\"></script>\\n\\","<script src=\"assets.npmtest_wrench.rollup.js\"></script>\\n\\","<script src=\"assets.example.js\"></script>\\n\\","<script src=\"assets.test.js\"></script>\\n\\","<!-- utility2-comment\\n\\","{{/if isRollup}}\\n\\","utility2-comment -->\\n\\","<div class=\"utility2FooterDiv\">\\n\\","    [ this app was created with\\n\\","    <a href=\"https://github.com/kaizhu256/node-utility2\" target=\"_blank\">utility2</a>\\n\\","    ]\\n\\","</div>\\n\\","</body>\\n\\","</html>\\n\\","';","        /* jslint-ignore-end */","        if (local.templateRender) {","            local.assetsDict['/'] = local.templateRender(","                local.assetsDict['/assets.index.template.html'],","                {","                    env: local.objectSetDefault(local.env, {","                        npm_package_description: 'the greatest app in the world!',","                        npm_package_name: 'my-app',","                        npm_package_nameAlias: 'my_app',","                        npm_package_version: '0.0.1'","                    })","                }","            );","        } else {","            local.assetsDict['/'] = local.assetsDict['/assets.index.template.html']","                .replace((/\\{\\{env\\.(\\w+?)\\}\\}/g), function (match0, match1) {","                    // jslint-hack","                    String(match0);","                    switch (match1) {","                    case 'npm_package_description':","                        return 'the greatest app in the world!';","                    case 'npm_package_name':","                        return 'my-app';","                    case 'npm_package_nameAlias':","                        return 'my_app';","                    case 'npm_package_version':","                        return '0.0.1';","                    }","                });","        }","        // run the cli","        if (local.global.utility2_rollup || module !== require.main) {","            break;","        }","        local.assetsDict['/assets.example.js'] =","            local.assetsDict['/assets.example.js'] ||","            local.fs.readFileSync(__filename, 'utf8');","        // bug-workaround - long $npm_package_buildCustomOrg","        /* jslint-ignore-begin */","        local.assetsDict['/assets.npmtest_wrench.rollup.js'] =","            local.assetsDict['/assets.npmtest_wrench.rollup.js'] ||","            local.fs.readFileSync(","                local.npmtest_wrench.__dirname + '/lib.npmtest_wrench.js',","                'utf8'","            ).replace((/^#!/), '//');","        /* jslint-ignore-end */","        local.assetsDict['/favicon.ico'] = local.assetsDict['/favicon.ico'] || '';","        // if $npm_config_timeout_exit exists,","        // then exit this process after $npm_config_timeout_exit ms","        if (Number(process.env.npm_config_timeout_exit)) {","            setTimeout(process.exit, Number(process.env.npm_config_timeout_exit));","        }","        // start server","        if (local.global.utility2_serverHttp1) {","            break;","        }","        process.env.PORT = process.env.PORT || '8081';","        console.error('server starting on port ' + process.env.PORT);","        local.http.createServer(function (request, response) {","            request.urlParsed = local.url.parse(request.url);","            if (local.assetsDict[request.urlParsed.pathname] !== undefined) {","                response.end(local.assetsDict[request.urlParsed.pathname]);","                return;","            }","            response.statusCode = 404;","            response.end();","        }).listen(process.env.PORT);","        break;","    }","}());",""],"l":{"26":2,"28":2,"33":2,"35":2,"37":2,"38":2,"39":2,"44":1,"51":2,"55":2,"59":2,"61":2,"69":1,"70":2,"76":2,"79":2,"82":2,"83":2,"85":1,"89":2,"92":1,"93":1,"94":1,"96":1,"97":1,"100":1,"101":1,"103":1,"106":1,"108":2,"114":1,"116":1,"118":1,"123":1,"124":2,"125":2,"126":3,"127":3,"128":3,"129":3,"130":1,"133":3,"134":3,"139":3,"143":1,"144":3,"145":1,"149":1,"150":1,"158":1,"160":1,"161":1,"162":1,"164":1,"166":1,"258":1,"259":1,"271":1,"274":6,"275":6,"277":1,"279":2,"281":1,"283":2,"288":1,"289":1,"291":1,"296":1,"303":1,"306":1,"307":1,"310":1,"311":1,"313":1,"314":1,"315":1,"316":1,"317":1,"318":1,"319":1,"321":1,"322":1,"324":1}},"/home/travis/build/npmtest/node-npmtest-wrench/node_modules/wrench/lib/wrench.js":{"path":"/home/travis/build/npmtest/node-npmtest-wrench/node_modules/wrench/lib/wrench.js","s":{"1":1,"2":1,"3":0,"4":0,"5":0,"6":0,"7":0,"8":0,"9":0,"10":0,"11":0,"12":0,"13":0,"14":0,"15":0,"16":0,"17":0,"18":1,"19":0,"20":0,"21":1,"22":0,"23":0,"24":0,"25":0,"26":0,"27":0,"28":0,"29":0,"30":0,"31":0,"32":0,"33":0,"34":0,"35":0,"36":0,"37":0,"38":0,"39":0,"40":0,"41":0,"42":0,"43":0,"44":0,"45":0,"46":1,"47":0,"48":0,"49":0,"50":0,"51":0,"52":0,"53":0,"54":0,"55":0,"56":0,"57":0,"58":0,"59":0,"60":0,"61":0,"62":0,"63":0,"64":0,"65":0,"66":1,"67":1,"68":0,"69":0,"70":0,"71":0,"72":0,"73":0,"74":0,"75":0,"76":0,"77":0,"78":0,"79":0,"80":0,"81":0,"82":0,"83":0,"84":0,"85":0,"86":1,"87":0,"88":0,"89":0,"90":0,"91":0,"92":0,"93":0,"94":0,"95":0,"96":0,"97":0,"98":0,"99":0,"100":0,"101":0,"102":0,"103":0,"104":0,"105":0,"106":0,"107":0,"108":0,"109":0,"110":0,"111":0,"112":0,"113":0,"114":0,"115":0,"116":0,"117":0,"118":0,"119":0,"120":0,"121":0,"122":0,"123":0,"124":0,"125":0,"126":0,"127":0,"128":0,"129":0,"130":0,"131":0,"132":1,"133":0,"134":0,"135":0,"136":0,"137":0,"138":0,"139":0,"140":1,"141":0,"142":0,"143":0,"144":0,"145":0,"146":0,"147":0,"148":1,"149":0,"150":0,"151":0,"152":0,"153":0,"154":0,"155":0,"156":0,"157":0,"158":0,"159":0,"160":0,"161":0,"162":0,"163":0,"164":0,"165":0,"166":0,"167":0,"168":0,"169":1,"170":0,"171":0,"172":0,"173":0,"174":0,"175":0,"176":0,"177":0,"178":0,"179":0,"180":0,"181":0,"182":0,"183":0,"184":0,"185":0,"186":0,"187":0,"188":0,"189":0,"190":0,"191":0,"192":0,"193":0,"194":0,"195":0,"196":0,"197":0,"198":0,"199":0,"200":0,"201":0,"202":0,"203":0,"204":0,"205":0,"206":0,"207":0,"208":0,"209":0,"210":0,"211":1,"212":0,"213":0,"214":0,"215":0,"216":0,"217":0,"218":0,"219":0,"220":0,"221":0,"222":0,"223":0,"224":0,"225":0,"226":1,"227":1,"228":0,"229":0,"230":0,"231":0,"232":1,"233":0,"234":0,"235":0,"236":0,"237":0,"238":0,"239":0,"240":0,"241":0,"242":0,"243":0,"244":0,"245":0,"246":0,"247":0,"248":0,"249":0},"b":{"1":[0,0],"2":[0,0],"3":[0,0],"4":[0,0],"5":[0,0],"6":[0,0],"7":[0,0],"8":[0,0],"9":[0,0],"10":[0,0],"11":[0,0],"12":[0,0],"13":[0,0],"14":[0,0],"15":[0,0],"16":[0,0],"17":[0,0],"18":[0,0],"19":[0,0],"20":[0,0],"21":[0,0],"22":[0,0],"23":[0,0],"24":[0,0],"25":[0,0],"26":[0,0],"27":[0,0,0],"28":[0,0],"29":[0,0],"30":[0,0],"31":[0,0],"32":[0,0],"33":[0,0],"34":[0,0,0],"35":[0,0],"36":[0,0],"37":[0,0],"38":[0,0],"39":[0,0],"40":[0,0],"41":[0,0],"42":[0,0],"43":[0,0],"44":[0,0],"45":[0,0],"46":[0,0,0],"47":[0,0],"48":[0,0],"49":[0,0],"50":[0,0],"51":[0,0],"52":[0,0],"53":[0,0],"54":[0,0],"55":[0,0,0],"56":[0,0],"57":[0,0],"58":[0,0],"59":[0,0],"60":[0,0],"61":[0,0],"62":[0,0],"63":[0,0],"64":[0,0],"65":[0,0],"66":[0,0],"67":[0,0],"68":[0,0],"69":[0,0],"70":[0,0],"71":[0,0],"72":[0,0],"73":[0,0],"74":[0,0],"75":[0,0],"76":[0,0]},"f":{"1":0,"2":0,"3":0,"4":0,"5":0,"6":0,"7":0,"8":0,"9":0,"10":0,"11":0,"12":0,"13":0,"14":0,"15":0,"16":0,"17":0,"18":0,"19":0,"20":0,"21":0,"22":0,"23":0,"24":0,"25":0,"26":0,"27":0,"28":0,"29":0,"30":0,"31":0,"32":0,"33":0,"34":0,"35":0,"36":0,"37":0,"38":0,"39":0,"40":0},"fnMap":{"1":{"name":"(anonymous_1)","line":23,"loc":{"start":{"line":23,"column":31},"end":{"line":23,"column":49}}},"2":{"name":"(anonymous_2)","line":26,"loc":{"start":{"line":26,"column":31},"end":{"line":26,"column":49}}},"3":{"name":"(anonymous_3)","line":30,"loc":{"start":{"line":30,"column":20},"end":{"line":30,"column":35}}},"4":{"name":"(anonymous_4)","line":33,"loc":{"start":{"line":33,"column":29},"end":{"line":33,"column":44}}},"5":{"name":"(anonymous_5)","line":51,"loc":{"start":{"line":51,"column":53},"end":{"line":51,"column":66}}},"6":{"name":"(anonymous_6)","line":68,"loc":{"start":{"line":68,"column":27},"end":{"line":68,"column":49}}},"7":{"name":"readdirRecursive","line":73,"loc":{"start":{"line":73,"column":4},"end":{"line":73,"column":38}}},"8":{"name":"(anonymous_8)","line":74,"loc":{"start":{"line":74,"column":28},"end":{"line":74,"column":43}}},"9":{"name":"(anonymous_9)","line":79,"loc":{"start":{"line":79,"column":27},"end":{"line":79,"column":49}}},"10":{"name":"(anonymous_10)","line":88,"loc":{"start":{"line":88,"column":29},"end":{"line":88,"column":42}}},"11":{"name":"(anonymous_11)","line":91,"loc":{"start":{"line":91,"column":28},"end":{"line":91,"column":46}}},"12":{"name":"(anonymous_12)","line":108,"loc":{"start":{"line":108,"column":34},"end":{"line":108,"column":48}}},"13":{"name":"(anonymous_13)","line":132,"loc":{"start":{"line":132,"column":29},"end":{"line":132,"column":56}}},"14":{"name":"isFileIncluded","line":175,"loc":{"start":{"line":175,"column":0},"end":{"line":175,"column":45}}},"15":{"name":"isMatch","line":177,"loc":{"start":{"line":177,"column":4},"end":{"line":177,"column":29}}},"16":{"name":"(anonymous_16)","line":230,"loc":{"start":{"line":230,"column":31},"end":{"line":230,"column":73}}},"17":{"name":"(anonymous_17)","line":271,"loc":{"start":{"line":271,"column":24},"end":{"line":271,"column":52}}},"18":{"name":"(anonymous_18)","line":316,"loc":{"start":{"line":316,"column":29},"end":{"line":316,"column":59}}},"19":{"name":"(anonymous_19)","line":343,"loc":{"start":{"line":343,"column":29},"end":{"line":343,"column":59}}},"20":{"name":"rmdirRecursive","line":368,"loc":{"start":{"line":368,"column":25},"end":{"line":368,"column":71}}},"21":{"name":"(anonymous_21)","line":370,"loc":{"start":{"line":370,"column":15},"end":{"line":370,"column":29}}},"22":{"name":"(anonymous_22)","line":372,"loc":{"start":{"line":372,"column":20},"end":{"line":372,"column":41}}},"23":{"name":"rmFile","line":379,"loc":{"start":{"line":379,"column":9},"end":{"line":379,"column":29}}},"24":{"name":"(anonymous_24)","line":387,"loc":{"start":{"line":387,"column":27},"end":{"line":387,"column":46}}},"25":{"name":"copyDirRecursive","line":405,"loc":{"start":{"line":405,"column":27},"end":{"line":405,"column":81}}},"26":{"name":"(anonymous_26)","line":410,"loc":{"start":{"line":410,"column":20},"end":{"line":410,"column":46}}},"27":{"name":"(anonymous_27)","line":413,"loc":{"start":{"line":413,"column":54},"end":{"line":413,"column":68}}},"28":{"name":"(anonymous_28)","line":423,"loc":{"start":{"line":423,"column":24},"end":{"line":423,"column":49}}},"29":{"name":"(anonymous_29)","line":425,"loc":{"start":{"line":425,"column":46},"end":{"line":425,"column":59}}},"30":{"name":"(anonymous_30)","line":427,"loc":{"start":{"line":427,"column":35},"end":{"line":427,"column":55}}},"31":{"name":"copyFiles","line":429,"loc":{"start":{"line":429,"column":21},"end":{"line":429,"column":44}}},"32":{"name":"(anonymous_32)","line":439,"loc":{"start":{"line":439,"column":38},"end":{"line":439,"column":61}}},"33":{"name":"(anonymous_33)","line":444,"loc":{"start":{"line":444,"column":50},"end":{"line":444,"column":69}}},"34":{"name":"(anonymous_34)","line":449,"loc":{"start":{"line":449,"column":50},"end":{"line":449,"column":69}}},"35":{"name":"(anonymous_35)","line":461,"loc":{"start":{"line":461,"column":25},"end":{"line":461,"column":46}}},"36":{"name":"(anonymous_36)","line":487,"loc":{"start":{"line":487,"column":21},"end":{"line":487,"column":52}}},"37":{"name":"(anonymous_37)","line":495,"loc":{"start":{"line":495,"column":11},"end":{"line":495,"column":22}}},"38":{"name":"(anonymous_38)","line":499,"loc":{"start":{"line":499,"column":36},"end":{"line":499,"column":55}}},"39":{"name":"(anonymous_39)","line":512,"loc":{"start":{"line":512,"column":17},"end":{"line":512,"column":28}}},"40":{"name":"(anonymous_40)","line":522,"loc":{"start":{"line":522,"column":17},"end":{"line":522,"column":28}}}},"statementMap":{"1":{"start":{"line":14,"column":0},"end":{"line":16,"column":49}},"2":{"start":{"line":23,"column":0},"end":{"line":56,"column":2}},"3":{"start":{"line":24,"column":4},"end":{"line":24,"column":41}},"4":{"start":{"line":26,"column":4},"end":{"line":48,"column":6}},"5":{"start":{"line":27,"column":8},"end":{"line":35,"column":14}},"6":{"start":{"line":31,"column":16},"end":{"line":31,"column":131}},"7":{"start":{"line":34,"column":16},"end":{"line":34,"column":50}},"8":{"start":{"line":37,"column":8},"end":{"line":37,"column":43}},"9":{"start":{"line":38,"column":8},"end":{"line":38,"column":42}},"10":{"start":{"line":39,"column":8},"end":{"line":39,"column":48}},"11":{"start":{"line":41,"column":8},"end":{"line":41,"column":41}},"12":{"start":{"line":43,"column":8},"end":{"line":45,"column":9}},"13":{"start":{"line":44,"column":12},"end":{"line":44,"column":98}},"14":{"start":{"line":47,"column":8},"end":{"line":47,"column":21}},"15":{"start":{"line":51,"column":4},"end":{"line":53,"column":7}},"16":{"start":{"line":52,"column":8},"end":{"line":52,"column":44}},"17":{"start":{"line":55,"column":4},"end":{"line":55,"column":20}},"18":{"start":{"line":68,"column":0},"end":{"line":120,"column":2}},"19":{"start":{"line":69,"column":4},"end":{"line":69,"column":41}},"20":{"start":{"line":71,"column":4},"end":{"line":71,"column":22}},"21":{"start":{"line":73,"column":4},"end":{"line":117,"column":5}},"22":{"start":{"line":74,"column":8},"end":{"line":76,"column":10}},"23":{"start":{"line":75,"column":12},"end":{"line":75,"column":45}},"24":{"start":{"line":78,"column":8},"end":{"line":78,"column":20}},"25":{"start":{"line":79,"column":8},"end":{"line":116,"column":11}},"26":{"start":{"line":80,"column":12},"end":{"line":83,"column":13}},"27":{"start":{"line":81,"column":16},"end":{"line":81,"column":22}},"28":{"start":{"line":82,"column":16},"end":{"line":82,"column":23}},"29":{"start":{"line":84,"column":12},"end":{"line":84,"column":24}},"30":{"start":{"line":86,"column":12},"end":{"line":86,"column":51}},"31":{"start":{"line":88,"column":12},"end":{"line":106,"column":15}},"32":{"start":{"line":89,"column":16},"end":{"line":89,"column":28}},"33":{"start":{"line":91,"column":16},"end":{"line":105,"column":19}},"34":{"start":{"line":92,"column":20},"end":{"line":92,"column":32}},"35":{"start":{"line":94,"column":20},"end":{"line":100,"column":21}},"36":{"start":{"line":95,"column":24},"end":{"line":95,"column":30}},"37":{"start":{"line":97,"column":24},"end":{"line":99,"column":25}},"38":{"start":{"line":98,"column":28},"end":{"line":98,"column":49}},"39":{"start":{"line":102,"column":20},"end":{"line":104,"column":21}},"40":{"start":{"line":103,"column":24},"end":{"line":103,"column":39}},"41":{"start":{"line":108,"column":12},"end":{"line":111,"column":16}},"42":{"start":{"line":110,"column":16},"end":{"line":110,"column":52}},"43":{"start":{"line":113,"column":12},"end":{"line":115,"column":13}},"44":{"start":{"line":114,"column":16},"end":{"line":114,"column":31}},"45":{"start":{"line":119,"column":4},"end":{"line":119,"column":30}},"46":{"start":{"line":132,"column":0},"end":{"line":171,"column":2}},"47":{"start":{"line":133,"column":4},"end":{"line":133,"column":14}},"48":{"start":{"line":135,"column":4},"end":{"line":141,"column":5}},"49":{"start":{"line":136,"column":8},"end":{"line":136,"column":37}},"50":{"start":{"line":139,"column":8},"end":{"line":139,"column":30}},"51":{"start":{"line":139,"column":23},"end":{"line":139,"column":30}},"52":{"start":{"line":140,"column":8},"end":{"line":140,"column":37}},"53":{"start":{"line":144,"column":4},"end":{"line":166,"column":5}},"54":{"start":{"line":145,"column":8},"end":{"line":145,"column":46}},"55":{"start":{"line":146,"column":8},"end":{"line":146,"column":42}},"56":{"start":{"line":148,"column":8},"end":{"line":165,"column":9}},"57":{"start":{"line":150,"column":12},"end":{"line":150,"column":45}},"58":{"start":{"line":151,"column":15},"end":{"line":165,"column":9}},"59":{"start":{"line":153,"column":12},"end":{"line":155,"column":13}},"60":{"start":{"line":154,"column":16},"end":{"line":154,"column":39}},"61":{"start":{"line":157,"column":12},"end":{"line":157,"column":32}},"62":{"start":{"line":160,"column":12},"end":{"line":162,"column":13}},"63":{"start":{"line":161,"column":16},"end":{"line":161,"column":39}},"64":{"start":{"line":164,"column":12},"end":{"line":164,"column":32}},"65":{"start":{"line":170,"column":4},"end":{"line":170,"column":30}},"66":{"start":{"line":175,"column":0},"end":{"line":220,"column":1}},"67":{"start":{"line":177,"column":4},"end":{"line":185,"column":5}},"68":{"start":{"line":178,"column":8},"end":{"line":184,"column":9}},"69":{"start":{"line":179,"column":12},"end":{"line":179,"column":50}},"70":{"start":{"line":183,"column":12},"end":{"line":183,"column":42}},"71":{"start":{"line":187,"column":4},"end":{"line":217,"column":5}},"72":{"start":{"line":188,"column":8},"end":{"line":192,"column":9}},"73":{"start":{"line":189,"column":12},"end":{"line":191,"column":13}},"74":{"start":{"line":190,"column":16},"end":{"line":190,"column":29}},"75":{"start":{"line":194,"column":8},"end":{"line":201,"column":9}},"76":{"start":{"line":195,"column":12},"end":{"line":200,"column":13}},"77":{"start":{"line":196,"column":16},"end":{"line":196,"column":28}},"78":{"start":{"line":199,"column":16},"end":{"line":199,"column":29}},"79":{"start":{"line":203,"column":8},"end":{"line":203,"column":20}},"80":{"start":{"line":205,"column":9},"end":{"line":217,"column":5}},"81":{"start":{"line":206,"column":8},"end":{"line":206,"column":33}},"82":{"start":{"line":208,"column":8},"end":{"line":216,"column":9}},"83":{"start":{"line":211,"column":12},"end":{"line":211,"column":50}},"84":{"start":{"line":215,"column":12},"end":{"line":215,"column":51}},"85":{"start":{"line":219,"column":4},"end":{"line":219,"column":16}},"86":{"start":{"line":230,"column":0},"end":{"line":307,"column":2}},"87":{"start":{"line":231,"column":4},"end":{"line":231,"column":22}},"88":{"start":{"line":233,"column":4},"end":{"line":241,"column":18}},"89":{"start":{"line":234,"column":8},"end":{"line":240,"column":9}},"90":{"start":{"line":235,"column":12},"end":{"line":239,"column":13}},"91":{"start":{"line":236,"column":12},"end":{"line":236,"column":55}},"92":{"start":{"line":238,"column":16},"end":{"line":238,"column":162}},"93":{"start":{"line":244,"column":4},"end":{"line":244,"column":42}},"94":{"start":{"line":245,"column":4},"end":{"line":250,"column":5}},"95":{"start":{"line":246,"column":8},"end":{"line":246,"column":52}},"96":{"start":{"line":249,"column":8},"end":{"line":249,"column":41}},"97":{"start":{"line":249,"column":33},"end":{"line":249,"column":41}},"98":{"start":{"line":252,"column":4},"end":{"line":252,"column":42}},"99":{"start":{"line":253,"column":4},"end":{"line":253,"column":64}},"100":{"start":{"line":254,"column":4},"end":{"line":254,"column":52}},"101":{"start":{"line":255,"column":4},"end":{"line":255,"column":62}},"102":{"start":{"line":257,"column":4},"end":{"line":306,"column":5}},"103":{"start":{"line":259,"column":8},"end":{"line":267,"column":9}},"104":{"start":{"line":260,"column":12},"end":{"line":264,"column":13}},"105":{"start":{"line":261,"column":16},"end":{"line":263,"column":17}},"106":{"start":{"line":262,"column":20},"end":{"line":262,"column":29}},"107":{"start":{"line":266,"column":12},"end":{"line":266,"column":73}},"108":{"start":{"line":266,"column":64},"end":{"line":266,"column":73}},"109":{"start":{"line":269,"column":8},"end":{"line":269,"column":69}},"110":{"start":{"line":271,"column":8},"end":{"line":281,"column":10}},"111":{"start":{"line":272,"column":12},"end":{"line":272,"column":100}},"112":{"start":{"line":272,"column":93},"end":{"line":272,"column":100}},"113":{"start":{"line":274,"column":12},"end":{"line":274,"column":52}},"114":{"start":{"line":275,"column":12},"end":{"line":275,"column":49}},"115":{"start":{"line":276,"column":12},"end":{"line":276,"column":46}},"116":{"start":{"line":277,"column":12},"end":{"line":277,"column":46}},"117":{"start":{"line":278,"column":12},"end":{"line":280,"column":13}},"118":{"start":{"line":279,"column":16},"end":{"line":279,"column":63}},"119":{"start":{"line":283,"column":8},"end":{"line":305,"column":9}},"120":{"start":{"line":285,"column":12},"end":{"line":285,"column":118}},"121":{"start":{"line":286,"column":15},"end":{"line":305,"column":9}},"122":{"start":{"line":287,"column":12},"end":{"line":287,"column":79}},"123":{"start":{"line":288,"column":12},"end":{"line":288,"column":81}},"124":{"start":{"line":290,"column":12},"end":{"line":293,"column":13}},"125":{"start":{"line":291,"column":16},"end":{"line":291,"column":82}},"126":{"start":{"line":292,"column":16},"end":{"line":292,"column":25}},"127":{"start":{"line":295,"column":12},"end":{"line":295,"column":56}},"128":{"start":{"line":296,"column":12},"end":{"line":301,"column":13}},"129":{"start":{"line":297,"column":16},"end":{"line":297,"column":102}},"130":{"start":{"line":300,"column":16},"end":{"line":300,"column":77}},"131":{"start":{"line":304,"column":12},"end":{"line":304,"column":93}},"132":{"start":{"line":316,"column":0},"end":{"line":333,"column":2}},"133":{"start":{"line":317,"column":4},"end":{"line":317,"column":42}},"134":{"start":{"line":319,"column":4},"end":{"line":329,"column":5}},"135":{"start":{"line":320,"column":8},"end":{"line":320,"column":69}},"136":{"start":{"line":322,"column":8},"end":{"line":328,"column":9}},"137":{"start":{"line":324,"column":12},"end":{"line":324,"column":82}},"138":{"start":{"line":327,"column":12},"end":{"line":327,"column":64}},"139":{"start":{"line":332,"column":4},"end":{"line":332,"column":34}},"140":{"start":{"line":343,"column":0},"end":{"line":360,"column":2}},"141":{"start":{"line":344,"column":4},"end":{"line":344,"column":42}},"142":{"start":{"line":346,"column":4},"end":{"line":356,"column":5}},"143":{"start":{"line":347,"column":8},"end":{"line":347,"column":69}},"144":{"start":{"line":349,"column":8},"end":{"line":355,"column":9}},"145":{"start":{"line":351,"column":12},"end":{"line":351,"column":82}},"146":{"start":{"line":354,"column":12},"end":{"line":354,"column":68}},"147":{"start":{"line":359,"column":4},"end":{"line":359,"column":38}},"148":{"start":{"line":368,"column":0},"end":{"line":396,"column":2}},"149":{"start":{"line":369,"column":4},"end":{"line":370,"column":32}},"150":{"start":{"line":370,"column":8},"end":{"line":370,"column":32}},"151":{"start":{"line":372,"column":4},"end":{"line":395,"column":7}},"152":{"start":{"line":373,"column":8},"end":{"line":374,"column":25}},"153":{"start":{"line":374,"column":8},"end":{"line":374,"column":25}},"154":{"start":{"line":376,"column":8},"end":{"line":377,"column":30}},"155":{"start":{"line":377,"column":12},"end":{"line":377,"column":30}},"156":{"start":{"line":379,"column":8},"end":{"line":394,"column":13}},"157":{"start":{"line":380,"column":12},"end":{"line":380,"column":38}},"158":{"start":{"line":380,"column":21},"end":{"line":380,"column":38}},"159":{"start":{"line":382,"column":12},"end":{"line":382,"column":41}},"160":{"start":{"line":383,"column":12},"end":{"line":384,"column":43}},"161":{"start":{"line":384,"column":16},"end":{"line":384,"column":43}},"162":{"start":{"line":386,"column":12},"end":{"line":386,"column":40}},"163":{"start":{"line":387,"column":12},"end":{"line":393,"column":15}},"164":{"start":{"line":388,"column":16},"end":{"line":388,"column":42}},"165":{"start":{"line":388,"column":25},"end":{"line":388,"column":42}},"166":{"start":{"line":389,"column":16},"end":{"line":392,"column":44}},"167":{"start":{"line":390,"column":20},"end":{"line":390,"column":49}},"168":{"start":{"line":392,"column":20},"end":{"line":392,"column":44}},"169":{"start":{"line":405,"column":0},"end":{"line":459,"column":2}},"170":{"start":{"line":406,"column":4},"end":{"line":406,"column":67}},"171":{"start":{"line":407,"column":4},"end":{"line":407,"column":37}},"172":{"start":{"line":408,"column":4},"end":{"line":408,"column":37}},"173":{"start":{"line":410,"column":4},"end":{"line":458,"column":7}},"174":{"start":{"line":411,"column":8},"end":{"line":418,"column":9}},"175":{"start":{"line":412,"column":12},"end":{"line":417,"column":159}},"176":{"start":{"line":413,"column":16},"end":{"line":415,"column":19}},"177":{"start":{"line":414,"column":20},"end":{"line":414,"column":68}},"178":{"start":{"line":417,"column":16},"end":{"line":417,"column":159}},"179":{"start":{"line":420,"column":1},"end":{"line":421,"column":14}},"180":{"start":{"line":421,"column":2},"end":{"line":421,"column":14}},"181":{"start":{"line":423,"column":8},"end":{"line":457,"column":11}},"182":{"start":{"line":424,"column":12},"end":{"line":424,"column":38}},"183":{"start":{"line":424,"column":21},"end":{"line":424,"column":38}},"184":{"start":{"line":425,"column":12},"end":{"line":456,"column":15}},"185":{"start":{"line":426,"column":16},"end":{"line":426,"column":42}},"186":{"start":{"line":426,"column":25},"end":{"line":426,"column":42}},"187":{"start":{"line":427,"column":16},"end":{"line":455,"column":19}},"188":{"start":{"line":428,"column":20},"end":{"line":428,"column":46}},"189":{"start":{"line":428,"column":29},"end":{"line":428,"column":46}},"190":{"start":{"line":429,"column":20},"end":{"line":454,"column":25}},"191":{"start":{"line":430,"column":24},"end":{"line":430,"column":50}},"192":{"start":{"line":430,"column":33},"end":{"line":430,"column":50}},"193":{"start":{"line":432,"column":24},"end":{"line":432,"column":53}},"194":{"start":{"line":433,"column":24},"end":{"line":434,"column":46}},"195":{"start":{"line":434,"column":28},"end":{"line":434,"column":46}},"196":{"start":{"line":436,"column":24},"end":{"line":437,"column":58}},"197":{"start":{"line":439,"column":24},"end":{"line":453,"column":27}},"198":{"start":{"line":440,"column":28},"end":{"line":440,"column":54}},"199":{"start":{"line":440,"column":37},"end":{"line":440,"column":54}},"200":{"start":{"line":441,"column":28},"end":{"line":452,"column":35}},"201":{"start":{"line":442,"column":32},"end":{"line":442,"column":81}},"202":{"start":{"line":443,"column":33},"end":{"line":452,"column":35}},"203":{"start":{"line":444,"column":32},"end":{"line":447,"column":35}},"204":{"start":{"line":445,"column":36},"end":{"line":445,"column":62}},"205":{"start":{"line":445,"column":45},"end":{"line":445,"column":62}},"206":{"start":{"line":446,"column":36},"end":{"line":446,"column":73}},"207":{"start":{"line":449,"column":32},"end":{"line":452,"column":35}},"208":{"start":{"line":450,"column":36},"end":{"line":450,"column":62}},"209":{"start":{"line":450,"column":45},"end":{"line":450,"column":62}},"210":{"start":{"line":451,"column":36},"end":{"line":451,"column":75}},"211":{"start":{"line":461,"column":0},"end":{"line":484,"column":2}},"212":{"start":{"line":462,"column":4},"end":{"line":462,"column":20}},"213":{"start":{"line":463,"column":4},"end":{"line":463,"column":32}},"214":{"start":{"line":465,"column":4},"end":{"line":483,"column":5}},"215":{"start":{"line":466,"column":8},"end":{"line":466,"column":33}},"216":{"start":{"line":468,"column":8},"end":{"line":482,"column":9}},"217":{"start":{"line":469,"column":12},"end":{"line":469,"column":55}},"218":{"start":{"line":471,"column":12},"end":{"line":477,"column":13}},"219":{"start":{"line":472,"column":16},"end":{"line":472,"column":61}},"220":{"start":{"line":473,"column":16},"end":{"line":473,"column":53}},"221":{"start":{"line":474,"column":16},"end":{"line":474,"column":47}},"222":{"start":{"line":476,"column":16},"end":{"line":476,"column":26}},"223":{"start":{"line":478,"column":15},"end":{"line":482,"column":9}},"224":{"start":{"line":479,"column":12},"end":{"line":479,"column":19}},"225":{"start":{"line":481,"column":12},"end":{"line":481,"column":22}},"226":{"start":{"line":485,"column":0},"end":{"line":485,"column":48}},"227":{"start":{"line":487,"column":0},"end":{"line":492,"column":2}},"228":{"start":{"line":488,"column":4},"end":{"line":488,"column":41}},"229":{"start":{"line":489,"column":4},"end":{"line":489,"column":21}},"230":{"start":{"line":490,"column":4},"end":{"line":490,"column":41}},"231":{"start":{"line":491,"column":4},"end":{"line":491,"column":29}},"232":{"start":{"line":494,"column":0},"end":{"line":529,"column":2}},"233":{"start":{"line":496,"column":8},"end":{"line":496,"column":37}},"234":{"start":{"line":500,"column":8},"end":{"line":500,"column":75}},"235":{"start":{"line":502,"column":8},"end":{"line":502,"column":30}},"236":{"start":{"line":503,"column":8},"end":{"line":507,"column":9}},"237":{"start":{"line":504,"column":12},"end":{"line":504,"column":38}},"238":{"start":{"line":506,"column":12},"end":{"line":506,"column":53}},"239":{"start":{"line":509,"column":8},"end":{"line":509,"column":36}},"240":{"start":{"line":513,"column":8},"end":{"line":516,"column":9}},"241":{"start":{"line":514,"column":12},"end":{"line":514,"column":70}},"242":{"start":{"line":515,"column":12},"end":{"line":515,"column":57}},"243":{"start":{"line":515,"column":44},"end":{"line":515,"column":57}},"244":{"start":{"line":518,"column":8},"end":{"line":518,"column":83}},"245":{"start":{"line":518,"column":71},"end":{"line":518,"column":83}},"246":{"start":{"line":519,"column":8},"end":{"line":519,"column":21}},"247":{"start":{"line":523,"column":8},"end":{"line":524,"column":92}},"248":{"start":{"line":526,"column":8},"end":{"line":526,"column":83}},"249":{"start":{"line":527,"column":8},"end":{"line":527,"column":22}}},"branchMap":{"1":{"line":31,"type":"cond-expr","locations":[{"start":{"line":31,"column":67},"end":{"line":31,"column":122}},{"start":{"line":31,"column":125},"end":{"line":31,"column":130}}]},"2":{"line":80,"type":"if","locations":[{"start":{"line":80,"column":12},"end":{"line":80,"column":12}},{"start":{"line":80,"column":12},"end":{"line":80,"column":12}}]},"3":{"line":94,"type":"if","locations":[{"start":{"line":94,"column":20},"end":{"line":94,"column":20}},{"start":{"line":94,"column":20},"end":{"line":94,"column":20}}]},"4":{"line":97,"type":"if","locations":[{"start":{"line":97,"column":24},"end":{"line":97,"column":24}},{"start":{"line":97,"column":24},"end":{"line":97,"column":24}}]},"5":{"line":102,"type":"if","locations":[{"start":{"line":102,"column":20},"end":{"line":102,"column":20}},{"start":{"line":102,"column":20},"end":{"line":102,"column":20}}]},"6":{"line":113,"type":"if","locations":[{"start":{"line":113,"column":12},"end":{"line":113,"column":12}},{"start":{"line":113,"column":12},"end":{"line":113,"column":12}}]},"7":{"line":139,"type":"if","locations":[{"start":{"line":139,"column":8},"end":{"line":139,"column":8}},{"start":{"line":139,"column":8},"end":{"line":139,"column":8}}]},"8":{"line":148,"type":"if","locations":[{"start":{"line":148,"column":8},"end":{"line":148,"column":8}},{"start":{"line":148,"column":8},"end":{"line":148,"column":8}}]},"9":{"line":151,"type":"if","locations":[{"start":{"line":151,"column":15},"end":{"line":151,"column":15}},{"start":{"line":151,"column":15},"end":{"line":151,"column":15}}]},"10":{"line":153,"type":"if","locations":[{"start":{"line":153,"column":12},"end":{"line":153,"column":12}},{"start":{"line":153,"column":12},"end":{"line":153,"column":12}}]},"11":{"line":160,"type":"if","locations":[{"start":{"line":160,"column":12},"end":{"line":160,"column":12}},{"start":{"line":160,"column":12},"end":{"line":160,"column":12}}]},"12":{"line":178,"type":"if","locations":[{"start":{"line":178,"column":8},"end":{"line":178,"column":8}},{"start":{"line":178,"column":8},"end":{"line":178,"column":8}}]},"13":{"line":187,"type":"if","locations":[{"start":{"line":187,"column":4},"end":{"line":187,"column":4}},{"start":{"line":187,"column":4},"end":{"line":187,"column":4}}]},"14":{"line":187,"type":"binary-expr","locations":[{"start":{"line":187,"column":8},"end":{"line":187,"column":20}},{"start":{"line":187,"column":24},"end":{"line":187,"column":36}}]},"15":{"line":188,"type":"if","locations":[{"start":{"line":188,"column":8},"end":{"line":188,"column":8}},{"start":{"line":188,"column":8},"end":{"line":188,"column":8}}]},"16":{"line":189,"type":"if","locations":[{"start":{"line":189,"column":12},"end":{"line":189,"column":12}},{"start":{"line":189,"column":12},"end":{"line":189,"column":12}}]},"17":{"line":194,"type":"if","locations":[{"start":{"line":194,"column":8},"end":{"line":194,"column":8}},{"start":{"line":194,"column":8},"end":{"line":194,"column":8}}]},"18":{"line":195,"type":"if","locations":[{"start":{"line":195,"column":12},"end":{"line":195,"column":12}},{"start":{"line":195,"column":12},"end":{"line":195,"column":12}}]},"19":{"line":205,"type":"if","locations":[{"start":{"line":205,"column":9},"end":{"line":205,"column":9}},{"start":{"line":205,"column":9},"end":{"line":205,"column":9}}]},"20":{"line":208,"type":"if","locations":[{"start":{"line":208,"column":8},"end":{"line":208,"column":8}},{"start":{"line":208,"column":8},"end":{"line":208,"column":8}}]},"21":{"line":211,"type":"cond-expr","locations":[{"start":{"line":211,"column":37},"end":{"line":211,"column":42}},{"start":{"line":211,"column":45},"end":{"line":211,"column":49}}]},"22":{"line":215,"type":"cond-expr","locations":[{"start":{"line":215,"column":38},"end":{"line":215,"column":43}},{"start":{"line":215,"column":46},"end":{"line":215,"column":50}}]},"23":{"line":231,"type":"binary-expr","locations":[{"start":{"line":231,"column":11},"end":{"line":231,"column":15}},{"start":{"line":231,"column":19},"end":{"line":231,"column":21}}]},"24":{"line":234,"type":"if","locations":[{"start":{"line":234,"column":8},"end":{"line":234,"column":8}},{"start":{"line":234,"column":8},"end":{"line":234,"column":8}}]},"25":{"line":235,"type":"if","locations":[{"start":{"line":235,"column":12},"end":{"line":235,"column":12}},{"start":{"line":235,"column":12},"end":{"line":235,"column":12}}]},"26":{"line":249,"type":"if","locations":[{"start":{"line":249,"column":8},"end":{"line":249,"column":8}},{"start":{"line":249,"column":8},"end":{"line":249,"column":8}}]},"27":{"line":253,"type":"binary-expr","locations":[{"start":{"line":253,"column":20},"end":{"line":253,"column":31}},{"start":{"line":253,"column":35},"en
[...]
lace(/\\/$/, '');","","    var readdirSyncRecursive = function(baseDir) {","        var files = [],","            curFiles,","            nextDirs,","            isDir = function(fname){","                return fs.existsSync(_path.join(baseDir, fname)) ? fs.statSync( _path.join(baseDir, fname) ).isDirectory() : false;","            },","            prependBaseDir = function(fname){","                return _path.join(baseDir, fname);","            };","","        curFiles = fs.readdirSync(baseDir);","        nextDirs = curFiles.filter(isDir);","        curFiles = curFiles.map(prependBaseDir);","","        files = files.concat( curFiles );","","        while (nextDirs.length) {","            files = files.concat( readdirSyncRecursive( _path.join(baseDir, nextDirs.shift()) ) );","        }","","        return files;","    };","","    // convert absolute paths to relative","    var fileList = readdirSyncRecursive(baseDir).map(function(val){","        return _path.relative(baseDir, val);","    });","","    return fileList;","};","","/*  wrench.readdirRecursive(\"directory_path\", function(error, files) {});"," *"," *  Recursively dives through directories and read the contents of all the"," *  children directories."," *"," *  Asynchronous, so returns results/error in callback."," *  Callback receives the of files in currently recursed directory."," *  When no more directories are left, callback is called with null for all arguments."," *"," */","exports.readdirRecursive = function(baseDir, fn) {","    baseDir = baseDir.replace(/\\/$/, '');","","    var waitCount = 0;","","    function readdirRecursive(curDir) {","        var prependcurDir = function(fname){","            return _path.join(curDir, fname);","        };","","        waitCount++;","        fs.readdir(curDir, function(e, curFiles) {","            if (e) {","                fn(e);","                return;","            }","            waitCount--;","","            curFiles = curFiles.map(prependcurDir);","","            curFiles.forEach(function(it) {","                waitCount++;","","                fs.stat(it, function(e, stat) {","                    waitCount--;","","                    if (e) {","                        fn(e);","                    } else {","                        if (stat.isDirectory()) {","                            readdirRecursive(it);","                        }","                    }","","                    if (waitCount == 0) {","                        fn(null, null);","                    }","                });","            });","","            fn(null, curFiles.map(function(val) {","                // convert absolute paths to relative","                return _path.relative(baseDir, val);","            }));","","            if (waitCount == 0) {","                fn(null, null);","            }","        });","    };","","    readdirRecursive(baseDir);","};","","","","","","/*  wrench.rmdirSyncRecursive(\"directory_path\", failSilent);"," *"," *  Recursively dives through directories and obliterates everything about it. This is a"," *  Sync-function, which blocks things until it's done. No idea why anybody would want an"," *  Asynchronous version. :\\"," */","exports.rmdirSyncRecursive = function(path, failSilent) {","    var files;","","    try {","        files = fs.readdirSync(path);","    } catch (err) {","","        if(failSilent) return;","        throw new Error(err.message);","    }","","    /*  Loop through and delete everything in the sub-tree after checking it */","    for(var i = 0; i < files.length; i++) {","        var file = _path.join(path, files[i]);","        var currFile = fs.lstatSync(file);","","        if(currFile.isDirectory())  {","            // Recursive function back to the beginning","            exports.rmdirSyncRecursive(file);","        } else if(currFile.isSymbolicLink()) {","            // Unlink symlinks","            if (isWindows) {","                fs.chmodSync(file, 666) // Windows needs this unless joyent/node#3006 is resolved..","            }","","            fs.unlinkSync(file);","        } else {","            // Assume it's a file - perhaps a try/catch belongs here?","            if (isWindows) {","                fs.chmodSync(file, 666) // Windows needs this unless joyent/node#3006 is resolved..","            }","","            fs.unlinkSync(file);","        }","    }","","    /*  Now that we know everything in the sub-tree has been deleted, we can delete the main","     directory. Huzzah for the shopkeep. */","    return fs.rmdirSync(path);","};","","","","function isFileIncluded(opts, dir, filename) {","","    function isMatch(filter) {","        if (typeof filter === 'function') {","            return filter(filename, dir) === true;","        }","        else {","            // Maintain backwards compatibility and use just the filename","            return filename.match(filter);","        }","    }","","    if (opts.include || opts.exclude) {","        if (opts.exclude) {","            if (isMatch(opts.exclude)) {","                return false;","            }","        }","","        if (opts.include) {","            if (isMatch(opts.include)) {","                return true;","            }","            else  {","                return false;","            }","        }","","        return true;","    }","    else if (opts.filter) {","        var filter = opts.filter;","","        if (!opts.whitelist) {","            // if !opts.whitelist is false every file or directory ","            // which does match opts.filter will be ignored","            return isMatch(filter) ? false : true;","        } else {","            // if opts.whitelist is true every file or directory ","            // which doesn't match opts.filter will be ignored","            return !isMatch(filter) ? false : true;","        }","    }","","    return true;","}","","/*  wrench.copyDirSyncRecursive(\"directory_to_copy\", \"new_directory_location\", opts);"," *"," *  Recursively dives through a directory and moves all its files to a new location. This is a"," *  Synchronous function, which blocks things until it's done. If you need/want to do this in"," *  an Asynchronous manner, look at wrench.copyDirRecursively() below. Specify forceDelete to force directory overwrite."," *"," *  Note: Directories should be passed to this function without a trailing slash."," */","exports.copyDirSyncRecursive = function(sourceDir, newDirLocation, opts) {","    opts = opts || {};","","    try {","        if(fs.statSync(newDirLocation).isDirectory()) { ","            if(opts.forceDelete) {","            exports.rmdirSyncRecursive(newDirLocation);","            } else {","                return new Error('You are trying to delete a directory that already exists. Specify forceDelete in the opts argument to override this. Bailing~');","            }","        }","    } catch(e) { }","","    /*  Create the directory where all our junk is moving to; read the mode of the source directory and mirror it */","    var checkDir = fs.statSync(sourceDir);","    try {","        fs.mkdirSync(newDirLocation, checkDir.mode);","    } catch (e) {","        //if the directory already exists, that's okay","        if (e.code !== 'EEXIST') throw e;","    }","","    var files = fs.readdirSync(sourceDir);","    var hasFilter = opts.filter || opts.include || opts.exclude;","    var preserveFiles = opts.preserveFiles === true;","    var preserveTimestamps = opts.preserveTimestamps === true;","","    for(var i = 0; i < files.length; i++) {","        // ignores all files or directories which match the RegExp in opts.filter","        if(typeof opts !== 'undefined') {","            if (hasFilter) {","                if (!isFileIncluded(opts, sourceDir, files[i])) {","                    continue;","                }","            }","            ","            if (opts.excludeHiddenUnix && /^\\./.test(files[i])) continue;","        }","","        var currFile = fs.lstatSync(_path.join(sourceDir, files[i]));","","        var fCopyFile = function(srcFile, destFile) {","            if(typeof opts !== 'undefined' && opts.preserveFiles && fs.existsSync(destFile)) return;","","            var contents = fs.readFileSync(srcFile);","            fs.writeFileSync(destFile, contents);","            var stat =  fs.lstatSync(srcFile);","            fs.chmodSync(destFile, stat.mode);","            if (preserveTimestamps) {","                fs.utimesSync(destFile, stat.atime, stat.mtime)","            }","        };","","        if(currFile.isDirectory()) {","            /*  recursion this thing right on back. */","            exports.copyDirSyncRecursive(_path.join(sourceDir, files[i]), _path.join(newDirLocation, files[i]), opts);","        } else if(currFile.isSymbolicLink()) {","            var symlinkFull = fs.readlinkSync(_path.join(sourceDir, files[i]));","            symlinkFull = _path.resolve(fs.realpathSync(sourceDir), symlinkFull);","","            if (typeof opts !== 'undefined' && !opts.inflateSymlinks) {","                fs.symlinkSync(symlinkFull, _path.join(newDirLocation, files[i]));","                continue;","            }","","            var tmpCurrFile = fs.lstatSync(symlinkFull);","            if (tmpCurrFile.isDirectory()) {","                exports.copyDirSyncRecursive(symlinkFull, _path.join(newDirLocation, files[i]), opts);","            } else {","                /*  At this point, we've hit a file actually worth copying... so copy it on over. */","                fCopyFile(symlinkFull, _path.join(newDirLocation, files[i]));","            }","        } else {","            /*  At this point, we've hit a file actually worth copying... so copy it on over. */","            fCopyFile(_path.join(sourceDir, files[i]), _path.join(newDirLocation, files[i]));","        }","    }","};","","/*  wrench.chmodSyncRecursive(\"directory\", filemode);"," *"," *  Recursively dives through a directory and chmods everything to the desired mode. This is a"," *  Synchronous function, which blocks things until it's done."," *"," *  Note: Directories should be passed to this function without a trailing slash."," */","exports.chmodSyncRecursive = function(sourceDir, filemode) {","    var files = fs.readdirSync(sourceDir);","","    for(var i = 0; i < files.length; i++) {","        var currFile = fs.lstatSync(_path.join(sourceDir, files[i]));","","        if(currFile.isDirectory()) {","            /*  ...and recursion this thing right on back. */","            exports.chmodSyncRecursive(_path.join(sourceDir, files[i]), filemode);","        } else {","            /*  At this point, we've hit a file actually worth copying... so copy it on over. */","            fs.chmod(_path.join(sourceDir, files[i]), filemode);","        }","    }","","    /*  Finally, chmod the parent directory */","    fs.chmod(sourceDir, filemode);","};","","","/*  wrench.chownSyncRecursive(\"directory\", uid, gid);"," *"," *  Recursively dives through a directory and chowns everything to the desired user and group. This is a"," *  Synchronous function, which blocks things until it's done."," *"," *  Note: Directories should be passed to this function without a trailing slash."," */","exports.chownSyncRecursive = function(sourceDir, uid, gid) {","    var files = fs.readdirSync(sourceDir);","","    for(var i = 0; i < files.length; i++) {","        var currFile = fs.lstatSync(_path.join(sourceDir, files[i]));","","        if(currFile.isDirectory()) {","            /*  ...and recursion this thing right on back. */","            exports.chownSyncRecursive(_path.join(sourceDir, files[i]), uid, gid);","        } else {","            /*  At this point, we've hit a file actually worth chowning... so own it. */","            fs.chownSync(_path.join(sourceDir, files[i]), uid, gid);","        }","    }","","    /*  Finally, chown the parent directory */","    fs.chownSync(sourceDir, uid, gid);","};","","","","/*  wrench.rmdirRecursive(\"directory_path\", callback);"," *"," *  Recursively dives through directories and obliterates everything about it."," */","exports.rmdirRecursive = function rmdirRecursive(dir, failSilent, clbk){","    if(clbk === null || typeof clbk == 'undefined')","        clbk = function(err) {};","","    fs.readdir(dir, function(err, files) {","        if(err && typeof failSilent === 'boolean' && !failSilent) ","        return clbk(err);","","        if(typeof failSilent === 'function')","            clbk = failSilent;","        ","        (function rmFile(err){","            if (err) return clbk(err);","","            var filename = files.shift();","            if (filename === null || typeof filename == 'undefined')","                return fs.rmdir(dir, clbk);","","            var file = dir+'/'+filename;","            fs.lstat(file, function(err, stat){","                if (err) return clbk(err);","                if (stat.isDirectory())","                    rmdirRecursive(file, rmFile);","                else","                    fs.unlink(file, rmFile);","            });","        })();","    });","};","","/*  wrench.copyDirRecursive(\"directory_to_copy\", \"new_location\", {forceDelete: bool}, callback);"," *"," *  Recursively dives through a directory and moves all its files to a new"," *  location. Specify forceDelete to force directory overwrite."," *"," *  Note: Directories should be passed to this function without a trailing slash."," */","exports.copyDirRecursive = function copyDirRecursive(srcDir, newDir, opts, clbk) {","    var originalArguments = Array.prototype.slice.apply(arguments);","    srcDir = _path.normalize(srcDir);","    newDir = _path.normalize(newDir);","","    fs.stat(newDir, function(err, newDirStat) {","        if(!err) {","            if(typeof opts !== 'undefined' && typeof opts !== 'function' && opts.forceDelete)","                return exports.rmdirRecursive(newDir, function(err) {","                    copyDirRecursive.apply(this, originalArguments);","                });","            else","                return clbk(new Error('You are trying to delete a directory that already exists. Specify forceDelete in an options object to override this.'));","        }","","\tif(typeof opts === 'function')","\t\tclbk = opts;","","        fs.stat(srcDir, function(err, srcDirStat){","            if (err) return clbk(err);","            fs.mkdir(newDir, srcDirStat.mode, function(err){","                if (err) return clbk(err);","                fs.readdir(srcDir, function(err, files){","                    if (err) return clbk(err);","                    (function copyFiles(err){","                        if (err) return clbk(err);","","                        var filename = files.shift();","                        if (filename === null || typeof filename == 'undefined')","                            return clbk(null);","","                        var file = srcDir+'/'+filename,","                            newFile = newDir+'/'+filename;","","                        fs.stat(file, function(err, fileStat){","                            if (err) return clbk(err);","                            if (fileStat.isDirectory())","                                copyDirRecursive(file, newFile, copyFiles, clbk);","                            else if (fileStat.isSymbolicLink())","                                fs.readlink(file, function(err, link){","                                    if (err) return clbk(err);","                                    fs.symlink(link, newFile, copyFiles);","                                });","                            else","                                fs.readFile(file, function(err, data){","                                    if (err) return clbk(err);","                                    fs.writeFile(newFile, data, copyFiles);","                                });","                        });","                    })();","                });","            });","        });","    });","};","","var mkdirSyncRecursive = function(path, mode) {","    var self = this;","    path = _path.normalize(path)","","    try {","        fs.mkdirSync(path, mode);","    } catch(err) {","        if(err.code == \"ENOENT\") {","            var slashIdx = path.lastIndexOf(_path.sep);","","            if(slashIdx > 0) {","                var parentPath = path.substring(0, slashIdx);","                mkdirSyncRecursive(parentPath, mode);","                mkdirSyncRecursive(path, mode);","            } else {","                throw err;","            }","        } else if(err.code == \"EEXIST\") {","            return;","        } else {","            throw err;","        }","    }","};","exports.mkdirSyncRecursive = mkdirSyncRecursive;","","exports.LineReader = function(filename, bufferSize) {","    this.bufferSize = bufferSize || 8192;","    this.buffer = \"\";","    this.fd = fs.openSync(filename, \"r\");","    this.currentPosition = 0;","};","","exports.LineReader.prototype = {","    close: function() {","        return fs.closeSync(this.fd);","    },","","    getBufferAndSetCurrentPosition: function(position) {","        var res = fs.readSync(this.fd, this.bufferSize, position, \"ascii\");","","        this.buffer += res[0];","        if(res[1] === 0) {","            this.currentPosition = -1;","        } else {","            this.currentPosition = position + res[1];","        }","","        return this.currentPosition;","    },","","    hasNextLine: function() {","        while(this.buffer.indexOf('\\n') === -1) {","            this.getBufferAndSetCurrentPosition(this.currentPosition);","            if(this.currentPosition === -1) return false;","        }","","        if(this.buffer.indexOf(\"\\n\") > -1 || this.buffer.length !== 0) return true;","        return false;","    },","","    getNextLine: function() {","        var lineEnd = this.buffer.indexOf(\"\\n\"),","            result = this.buffer.substring(0, lineEnd != -1 ? lineEnd : this.buffer.length);","","        this.buffer = this.buffer.substring(result.length + 1, this.buffer.length);","        return result;","    }","};","","// vim: et ts=4 sw=4",""],"l":{"14":1,"23":1,"24":0,"26":0,"27":0,"31":0,"34":0,"37":0,"38":0,"39":0,"41":0,"43":0,"44":0,"47":0,"51":0,"52":0,"55":0,"68":1,"69":0,"71":0,"73":1,"74":0,"75":0,"78":0,"79":0,"80":0,"81":0,"82":0,"84":0,"86":0,"88":0,"89":0,"91":0,"92":0,"94":0,"95":0,"97":0,"98":0,"102":0,"103":0,"108":0,"110":0,"113":0,"114":0,"119":0,"132":1,"133":0,"135":0,"136":0,"139":0,"140":0,"144":0,"145":0,"146":0,"148":0,"150":0,"151":0,"153":0,"154":0,"157":0,"160":0,"161":0,"164":0,"170":0,"175":1,"177":1,"178":0,"179":0,"183":0,"187":0,"188":0,"189":0,"190":0,"194":0,"195":0,"196":0,"199":0,"203":0,"205":0,"206":0,"208":0,"211":0,"215":0,"219":0,"230":1,"231":0,"233":0,"234":0,"235":0,"236":0,"238":0,"244":0,"245":0,"246":0,"249":0,"252":0,"253":0,"254":0,"255":0,"257":0,"259":0,"260":0,"261":0,"262":0,"266":0,"269":0,"271":0,"272":0,"274":0,"275":0,"276":0,"277":0,"278":0,"279":0,"283":0,"285":0,"286":0,"287":0,"288":0,"290":0,"291":0,"292":0,"295":0,"296":0,"297":0,"300":0,"304":0,"316":1,"317":0,"319":0,"320":0,"322":0,"324":0,"327":0,"332":0,"343":1,"344":0,"346":0,"347":0,"349":0,"351":0,"354":0,"359":0,"368":1,"369":0,"370":0,"372":0,"373":0,"374":0,"376":0,"377":0,"379":0,"380":0,"382":0,"383":0,"384":0,"386":0,"387":0,"388":0,"389":0,"390":0,"392":0,"405":1,"406":0,"407":0,"408":0,"410":0,"411":0,"412":0,"413":0,"414":0,"417":0,"420":0,"421":0,"423":0,"424":0,"425":0,"426":0,"427":0,"428":0,"429":0,"430":0,"432":0,"433":0,"434":0,"436":0,"439":0,"440":0,"441":0,"442":0,"443":0,"444":0,"445":0,"446":0,"449":0,"450":0,"451":0,"461":1,"462":0,"463":0,"465":0,"466":0,"468":0,"469":0,"471":0,"472":0,"473":0,"474":0,"476":0,"478":0,"479":0,"481":0,"485":1,"487":1,"488":0,"489":0,"490":0,"491":0,"494":1,"496":0,"500":0,"502":0,"503":0,"504":0,"506":0,"509":0,"513":0,"514":0,"515":0,"518":0,"519":0,"523":0,"526":0,"527":0}}}